INFO - 2023-09-26 09:49:57 --> Session: Class initialized using 'CodeIgniter\Session\Handlers\FileHandler' driver.
INFO - 2023-09-26 09:50:12 --> Session: Class initialized using 'CodeIgniter\Session\Handlers\FileHandler' driver.
INFO - 2023-09-26 09:50:22 --> Session: Class initialized using 'CodeIgniter\Session\Handlers\FileHandler' driver.
INFO - 2023-09-26 09:52:55 --> Session: Class initialized using 'CodeIgniter\Session\Handlers\FileHandler' driver.
CRITICAL - 2023-09-26 09:53:43 --> Undefined variable $username
in APPPATH\Models\ModelAdmin.php on line 30.
 1 APPPATH\Models\ModelAdmin.php(30): CodeIgniter\Debug\Exceptions->errorHandler(2, 'Undefined variable $username', 'APPPATH\\Models\\ModelAdmin.php', 30)
 2 APPPATH\Controllers\Admin.php(23): App\Models\ModelAdmin->getUser('z')
 3 SYSTEMPATH\CodeIgniter.php(934): App\Controllers\Admin->login()
 4 SYSTEMPATH\CodeIgniter.php(499): CodeIgniter\CodeIgniter->runController(Object(App\Controllers\Admin))
 5 SYSTEMPATH\CodeIgniter.php(368): CodeIgniter\CodeIgniter->handleRequest(null, Object(Config\Cache), false)
 6 FCPATH\index.php(67): CodeIgniter\CodeIgniter->run()
 7 SYSTEMPATH\Commands\Server\rewrite.php(47): require_once('FCPATH\\index.php')
ERROR - 2023-09-26 09:54:42 --> mysqli_sql_exception: Table 'databasetest.user' doesn't exist in C:\Users\romai\Desktop\racine\system\Database\MySQLi\Connection.php:295
Stack trace:
#0 C:\Users\romai\Desktop\racine\system\Database\MySQLi\Connection.php(295): mysqli->query('SELECT *\nFROM `...', 0)
#1 C:\Users\romai\Desktop\racine\system\Database\BaseConnection.php(691): CodeIgniter\Database\MySQLi\Connection->execute('SELECT *\nFROM `...')
#2 C:\Users\romai\Desktop\racine\system\Database\BaseConnection.php(605): CodeIgniter\Database\BaseConnection->simpleQuery('SELECT *\nFROM `...')
#3 C:\Users\romai\Desktop\racine\system\Database\BaseBuilder.php(1602): CodeIgniter\Database\BaseConnection->query('SELECT *\nFROM `...', Array, false)
#4 C:\Users\romai\Desktop\racine\system\Model.php(240): CodeIgniter\Database\BaseBuilder->get()
#5 C:\Users\romai\Desktop\racine\system\BaseModel.php(618): CodeIgniter\Model->doFindAll(1, 0)
#6 C:\Users\romai\Desktop\racine\app\Models\ModelAdmin.php(17): CodeIgniter\BaseModel->findAll(1)
#7 C:\Users\romai\Desktop\racine\app\Controllers\Admin.php(23): App\Models\ModelAdmin->getPass('z')
#8 C:\Users\romai\Desktop\racine\system\CodeIgniter.php(934): App\Controllers\Admin->login()
#9 C:\Users\romai\Desktop\racine\system\CodeIgniter.php(499): CodeIgniter\CodeIgniter->runController(Object(App\Controllers\Admin))
#10 C:\Users\romai\Desktop\racine\system\CodeIgniter.php(368): CodeIgniter\CodeIgniter->handleRequest(NULL, Object(Config\Cache), false)
#11 C:\Users\romai\Desktop\racine\public\index.php(67): CodeIgniter\CodeIgniter->run()
#12 C:\Users\romai\Desktop\racine\system\Commands\Server\rewrite.php(47): require_once('C:\\Users\\romai\\...')
#13 {main}
CRITICAL - 2023-09-26 09:54:42 --> Table 'databasetest.user' doesn't exist
in SYSTEMPATH\Database\BaseConnection.php on line 645.
 1 SYSTEMPATH\Database\BaseBuilder.php(1602): CodeIgniter\Database\BaseConnection->query('SELECT *
FROM `user`
WHERE `user`.`user` = :user.user:
 LIMIT 1', [...], false)
 2 SYSTEMPATH\Model.php(240): CodeIgniter\Database\BaseBuilder->get()
 3 SYSTEMPATH\BaseModel.php(618): CodeIgniter\Model->doFindAll(1, 0)
 4 APPPATH\Models\ModelAdmin.php(17): CodeIgniter\BaseModel->findAll(1)
 5 APPPATH\Controllers\Admin.php(23): App\Models\ModelAdmin->getPass('z')
 6 SYSTEMPATH\CodeIgniter.php(934): App\Controllers\Admin->login()
 7 SYSTEMPATH\CodeIgniter.php(499): CodeIgniter\CodeIgniter->runController(Object(App\Controllers\Admin))
 8 SYSTEMPATH\CodeIgniter.php(368): CodeIgniter\CodeIgniter->handleRequest(null, Object(Config\Cache), false)
 9 FCPATH\index.php(67): CodeIgniter\CodeIgniter->run()
10 SYSTEMPATH\Commands\Server\rewrite.php(47): require_once('FCPATH\\index.php')
CRITICAL - 2023-09-26 10:07:23 --> Undefined constant "App\Controllers\console"
in APPPATH\Controllers\Admin.php on line 25.
 1 SYSTEMPATH\CodeIgniter.php(934): App\Controllers\Admin->login()
 2 SYSTEMPATH\CodeIgniter.php(499): CodeIgniter\CodeIgniter->runController(Object(App\Controllers\Admin))
 3 SYSTEMPATH\CodeIgniter.php(368): CodeIgniter\CodeIgniter->handleRequest(null, Object(Config\Cache), false)
 4 FCPATH\index.php(67): CodeIgniter\CodeIgniter->run()
 5 SYSTEMPATH\Commands\Server\rewrite.php(47): require_once('FCPATH\\index.php')
CRITICAL - 2023-09-26 10:13:06 --> Attempt to read property "password" on array
in APPPATH\Models\ModelAdmin.php on line 21.
 1 APPPATH\Models\ModelAdmin.php(21): CodeIgniter\Debug\Exceptions->errorHandler(2, 'Attempt to read property "password" on array', 'APPPATH\\Models\\ModelAdmin.php', 21)
 2 APPPATH\Controllers\Admin.php(29): App\Models\ModelAdmin->getPass('admin')
 3 SYSTEMPATH\CodeIgniter.php(934): App\Controllers\Admin->login()
 4 SYSTEMPATH\CodeIgniter.php(499): CodeIgniter\CodeIgniter->runController(Object(App\Controllers\Admin))
 5 SYSTEMPATH\CodeIgniter.php(368): CodeIgniter\CodeIgniter->handleRequest(null, Object(Config\Cache), false)
 6 FCPATH\index.php(67): CodeIgniter\CodeIgniter->run()
 7 SYSTEMPATH\Commands\Server\rewrite.php(47): require_once('FCPATH\\index.php')
CRITICAL - 2023-09-26 10:14:04 --> Attempt to read property "password" on array
in APPPATH\Models\ModelAdmin.php on line 21.
 1 APPPATH\Models\ModelAdmin.php(21): CodeIgniter\Debug\Exceptions->errorHandler(2, 'Attempt to read property "password" on array', 'APPPATH\\Models\\ModelAdmin.php', 21)
 2 APPPATH\Controllers\Admin.php(29): App\Models\ModelAdmin->getPass('admin')
 3 SYSTEMPATH\CodeIgniter.php(934): App\Controllers\Admin->login()
 4 SYSTEMPATH\CodeIgniter.php(499): CodeIgniter\CodeIgniter->runController(Object(App\Controllers\Admin))
 5 SYSTEMPATH\CodeIgniter.php(368): CodeIgniter\CodeIgniter->handleRequest(null, Object(Config\Cache), false)
 6 FCPATH\index.php(67): CodeIgniter\CodeIgniter->run()
 7 SYSTEMPATH\Commands\Server\rewrite.php(47): require_once('FCPATH\\index.php')
CRITICAL - 2023-09-26 10:15:35 --> Attempt to read property "password" on array
in APPPATH\Models\ModelAdmin.php on line 20.
 1 APPPATH\Models\ModelAdmin.php(20): CodeIgniter\Debug\Exceptions->errorHandler(2, 'Attempt to read property "password" on array', 'APPPATH\\Models\\ModelAdmin.php', 20)
 2 APPPATH\Controllers\Admin.php(29): App\Models\ModelAdmin->getPass('admin')
 3 SYSTEMPATH\CodeIgniter.php(934): App\Controllers\Admin->login()
 4 SYSTEMPATH\CodeIgniter.php(499): CodeIgniter\CodeIgniter->runController(Object(App\Controllers\Admin))
 5 SYSTEMPATH\CodeIgniter.php(368): CodeIgniter\CodeIgniter->handleRequest(null, Object(Config\Cache), false)
 6 FCPATH\index.php(67): CodeIgniter\CodeIgniter->run()
 7 SYSTEMPATH\Commands\Server\rewrite.php(47): require_once('FCPATH\\index.php')
CRITICAL - 2023-09-26 10:16:39 --> Attempt to read property "password" on array
in APPPATH\Models\ModelAdmin.php on line 20.
 1 APPPATH\Models\ModelAdmin.php(20): CodeIgniter\Debug\Exceptions->errorHandler(2, 'Attempt to read property "password" on array', 'APPPATH\\Models\\ModelAdmin.php', 20)
 2 APPPATH\Controllers\Admin.php(29): App\Models\ModelAdmin->getPass('admin')
 3 SYSTEMPATH\CodeIgniter.php(934): App\Controllers\Admin->login()
 4 SYSTEMPATH\CodeIgniter.php(499): CodeIgniter\CodeIgniter->runController(Object(App\Controllers\Admin))
 5 SYSTEMPATH\CodeIgniter.php(368): CodeIgniter\CodeIgniter->handleRequest(null, Object(Config\Cache), false)
 6 FCPATH\index.php(67): CodeIgniter\CodeIgniter->run()
 7 SYSTEMPATH\Commands\Server\rewrite.php(47): require_once('FCPATH\\index.php')
CRITICAL - 2023-09-26 10:20:43 --> Array to string conversion
in APPPATH\Models\ModelAdmin.php on line 18.
 1 APPPATH\Models\ModelAdmin.php(18): CodeIgniter\Debug\Exceptions->errorHandler(2, 'Array to string conversion', 'APPPATH\\Models\\ModelAdmin.php', 18)
 2 APPPATH\Controllers\Admin.php(29): App\Models\ModelAdmin->getPass('admin')
 3 SYSTEMPATH\CodeIgniter.php(934): App\Controllers\Admin->login()
 4 SYSTEMPATH\CodeIgniter.php(499): CodeIgniter\CodeIgniter->runController(Object(App\Controllers\Admin))
 5 SYSTEMPATH\CodeIgniter.php(368): CodeIgniter\CodeIgniter->handleRequest(null, Object(Config\Cache), false)
 6 FCPATH\index.php(67): CodeIgniter\CodeIgniter->run()
 7 SYSTEMPATH\Commands\Server\rewrite.php(47): require_once('FCPATH\\index.php')
CRITICAL - 2023-09-26 10:21:07 --> Array to string conversion
in APPPATH\Models\ModelAdmin.php on line 18.
 1 APPPATH\Models\ModelAdmin.php(18): CodeIgniter\Debug\Exceptions->errorHandler(2, 'Array to string conversion', 'APPPATH\\Models\\ModelAdmin.php', 18)
 2 APPPATH\Controllers\Admin.php(29): App\Models\ModelAdmin->getPass('admin')
 3 SYSTEMPATH\CodeIgniter.php(934): App\Controllers\Admin->login()
 4 SYSTEMPATH\CodeIgniter.php(499): CodeIgniter\CodeIgniter->runController(Object(App\Controllers\Admin))
 5 SYSTEMPATH\CodeIgniter.php(368): CodeIgniter\CodeIgniter->handleRequest(null, Object(Config\Cache), false)
 6 FCPATH\index.php(67): CodeIgniter\CodeIgniter->run()
 7 SYSTEMPATH\Commands\Server\rewrite.php(47): require_once('FCPATH\\index.php')
ERROR - 2023-09-26 10:36:08 --> mysqli_sql_exception: Duplicate entry 'admin' for key 'PRIMARY' in C:\Users\romai\Desktop\racine\system\Database\MySQLi\Connection.php:295
Stack trace:
#0 C:\Users\romai\Desktop\racine\system\Database\MySQLi\Connection.php(295): mysqli->query('INSERT INTO `us...', 0)
#1 C:\Users\romai\Desktop\racine\system\Database\BaseConnection.php(691): CodeIgniter\Database\MySQLi\Connection->execute('INSERT INTO `us...')
#2 C:\Users\romai\Desktop\racine\system\Database\BaseConnection.php(605): CodeIgniter\Database\BaseConnection->simpleQuery('INSERT INTO `us...')
#3 C:\Users\romai\Desktop\racine\app\Controllers\Admin.php(23): CodeIgniter\Database\BaseConnection->query('INSERT INTO `us...')
#4 C:\Users\romai\Desktop\racine\system\CodeIgniter.php(934): App\Controllers\Admin->login()
#5 C:\Users\romai\Desktop\racine\system\CodeIgniter.php(499): CodeIgniter\CodeIgniter->runController(Object(App\Controllers\Admin))
#6 C:\Users\romai\Desktop\racine\system\CodeIgniter.php(368): CodeIgniter\CodeIgniter->handleRequest(NULL, Object(Config\Cache), false)
#7 C:\Users\romai\Desktop\racine\public\index.php(67): CodeIgniter\CodeIgniter->run()
#8 C:\Users\romai\Desktop\racine\system\Commands\Server\rewrite.php(47): require_once('C:\\Users\\romai\\...')
#9 {main}
CRITICAL - 2023-09-26 10:36:08 --> Duplicate entry 'admin' for key 'PRIMARY'
in SYSTEMPATH\Database\BaseConnection.php on line 645.
 1 APPPATH\Controllers\Admin.php(23): CodeIgniter\Database\BaseConnection->query('INSERT INTO `user` (`user`, `pwd`) VALUES (\'admin\',\'õ!P)póÈ²G–k-ZŠµ-\')')
 2 SYSTEMPATH\CodeIgniter.php(934): App\Controllers\Admin->login()
 3 SYSTEMPATH\CodeIgniter.php(499): CodeIgniter\CodeIgniter->runController(Object(App\Controllers\Admin))
 4 SYSTEMPATH\CodeIgniter.php(368): CodeIgniter\CodeIgniter->handleRequest(null, Object(Config\Cache), false)
 5 FCPATH\index.php(67): CodeIgniter\CodeIgniter->run()
 6 SYSTEMPATH\Commands\Server\rewrite.php(47): require_once('FCPATH\\index.php')
CRITICAL - 2023-09-26 10:40:58 --> Array to string conversion
in APPPATH\Controllers\Admin.php on line 35.
 1 APPPATH\Controllers\Admin.php(35): CodeIgniter\Debug\Exceptions->errorHandler(2, 'Array to string conversion', 'APPPATH\\Controllers\\Admin.php', 35)
 2 SYSTEMPATH\CodeIgniter.php(934): App\Controllers\Admin->login()
 3 SYSTEMPATH\CodeIgniter.php(499): CodeIgniter\CodeIgniter->runController(Object(App\Controllers\Admin))
 4 SYSTEMPATH\CodeIgniter.php(368): CodeIgniter\CodeIgniter->handleRequest(null, Object(Config\Cache), false)
 5 FCPATH\index.php(67): CodeIgniter\CodeIgniter->run()
 6 SYSTEMPATH\Commands\Server\rewrite.php(47): require_once('FCPATH\\index.php')
CRITICAL - 2023-09-26 10:41:46 --> Array to string conversion
in APPPATH\Controllers\Admin.php on line 35.
 1 APPPATH\Controllers\Admin.php(35): CodeIgniter\Debug\Exceptions->errorHandler(2, 'Array to string conversion', 'APPPATH\\Controllers\\Admin.php', 35)
 2 SYSTEMPATH\CodeIgniter.php(934): App\Controllers\Admin->login()
 3 SYSTEMPATH\CodeIgniter.php(499): CodeIgniter\CodeIgniter->runController(Object(App\Controllers\Admin))
 4 SYSTEMPATH\CodeIgniter.php(368): CodeIgniter\CodeIgniter->handleRequest(null, Object(Config\Cache), false)
 5 FCPATH\index.php(67): CodeIgniter\CodeIgniter->run()
 6 SYSTEMPATH\Commands\Server\rewrite.php(47): require_once('FCPATH\\index.php')
CRITICAL - 2023-09-26 10:43:29 --> Call to undefined function App\Models\asArray()
in APPPATH\Models\ModelAdmin.php on line 15.
 1 APPPATH\Controllers\Admin.php(33): App\Models\ModelAdmin->getPass('admin')
 2 SYSTEMPATH\CodeIgniter.php(934): App\Controllers\Admin->login()
 3 SYSTEMPATH\CodeIgniter.php(499): CodeIgniter\CodeIgniter->runController(Object(App\Controllers\Admin))
 4 SYSTEMPATH\CodeIgniter.php(368): CodeIgniter\CodeIgniter->handleRequest(null, Object(Config\Cache), false)
 5 FCPATH\index.php(67): CodeIgniter\CodeIgniter->run()
 6 SYSTEMPATH\Commands\Server\rewrite.php(47): require_once('FCPATH\\index.php')
CRITICAL - 2023-09-26 10:44:23 --> Attempt to read property "password" on array
in APPPATH\Models\ModelAdmin.php on line 20.
 1 APPPATH\Models\ModelAdmin.php(20): CodeIgniter\Debug\Exceptions->errorHandler(2, 'Attempt to read property "password" on array', 'APPPATH\\Models\\ModelAdmin.php', 20)
 2 APPPATH\Controllers\Admin.php(33): App\Models\ModelAdmin->getPass('admin')
 3 SYSTEMPATH\CodeIgniter.php(934): App\Controllers\Admin->login()
 4 SYSTEMPATH\CodeIgniter.php(499): CodeIgniter\CodeIgniter->runController(Object(App\Controllers\Admin))
 5 SYSTEMPATH\CodeIgniter.php(368): CodeIgniter\CodeIgniter->handleRequest(null, Object(Config\Cache), false)
 6 FCPATH\index.php(67): CodeIgniter\CodeIgniter->run()
 7 SYSTEMPATH\Commands\Server\rewrite.php(47): require_once('FCPATH\\index.php')
CRITICAL - 2023-09-26 10:46:24 --> Undefined property: stdClass::$password
in APPPATH\Models\ModelAdmin.php on line 21.
 1 APPPATH\Models\ModelAdmin.php(21): CodeIgniter\Debug\Exceptions->errorHandler(2, 'Undefined property: stdClass::$password', 'APPPATH\\Models\\ModelAdmin.php', 21)
 2 APPPATH\Controllers\Admin.php(33): App\Models\ModelAdmin->getPass('admin')
 3 SYSTEMPATH\CodeIgniter.php(934): App\Controllers\Admin->login()
 4 SYSTEMPATH\CodeIgniter.php(499): CodeIgniter\CodeIgniter->runController(Object(App\Controllers\Admin))
 5 SYSTEMPATH\CodeIgniter.php(368): CodeIgniter\CodeIgniter->handleRequest(null, Object(Config\Cache), false)
 6 FCPATH\index.php(67): CodeIgniter\CodeIgniter->run()
 7 SYSTEMPATH\Commands\Server\rewrite.php(47): require_once('FCPATH\\index.php')
CRITICAL - 2023-09-26 10:47:17 --> Array to string conversion
in APPPATH\Controllers\Admin.php on line 36.
 1 APPPATH\Controllers\Admin.php(36): CodeIgniter\Debug\Exceptions->errorHandler(2, 'Array to string conversion', 'APPPATH\\Controllers\\Admin.php', 36)
 2 SYSTEMPATH\CodeIgniter.php(934): App\Controllers\Admin->login()
 3 SYSTEMPATH\CodeIgniter.php(499): CodeIgniter\CodeIgniter->runController(Object(App\Controllers\Admin))
 4 SYSTEMPATH\CodeIgniter.php(368): CodeIgniter\CodeIgniter->handleRequest(null, Object(Config\Cache), false)
 5 FCPATH\index.php(67): CodeIgniter\CodeIgniter->run()
 6 SYSTEMPATH\Commands\Server\rewrite.php(47): require_once('FCPATH\\index.php')
CRITICAL - 2023-09-26 10:58:58 --> Undefined variable $data
in APPPATH\Controllers\Admin.php on line 36.
 1 APPPATH\Controllers\Admin.php(36): CodeIgniter\Debug\Exceptions->errorHandler(2, 'Undefined variable $data', 'APPPATH\\Controllers\\Admin.php', 36)
 2 SYSTEMPATH\CodeIgniter.php(934): App\Controllers\Admin->login()
 3 SYSTEMPATH\CodeIgniter.php(499): CodeIgniter\CodeIgniter->runController(Object(App\Controllers\Admin))
 4 SYSTEMPATH\CodeIgniter.php(368): CodeIgniter\CodeIgniter->handleRequest(null, Object(Config\Cache), false)
 5 FCPATH\index.php(67): CodeIgniter\CodeIgniter->run()
 6 SYSTEMPATH\Commands\Server\rewrite.php(47): require_once('FCPATH\\index.php')
CRITICAL - 2023-09-26 11:24:08 --> syntax error, unexpected variable "$session", expecting "," or ";"
in APPPATH\Controllers\Admin.php on line 41.
 1 SYSTEMPATH\Autoloader\Autoloader.php(289): CodeIgniter\Autoloader\Autoloader->includeFile('APPPATH\\Controllers\\Admin.php')
 2 SYSTEMPATH\Autoloader\Autoloader.php(267): CodeIgniter\Autoloader\Autoloader->loadInNamespace('App\\Controllers\\Admin')
 3 [internal function]: CodeIgniter\Autoloader\Autoloader->loadClass('App\\Controllers\\Admin')
 4 SYSTEMPATH\CodeIgniter.php(892): class_exists('\\App\\Controllers\\Admin', true)
 5 SYSTEMPATH\CodeIgniter.php(486): CodeIgniter\CodeIgniter->startController()
 6 SYSTEMPATH\CodeIgniter.php(368): CodeIgniter\CodeIgniter->handleRequest(null, Object(Config\Cache), false)
 7 FCPATH\index.php(67): CodeIgniter\CodeIgniter->run()
 8 SYSTEMPATH\Commands\Server\rewrite.php(47): require_once('FCPATH\\index.php')
INFO - 2023-09-26 11:25:06 --> Session: Class initialized using 'CodeIgniter\Session\Handlers\FileHandler' driver.
INFO - 2023-09-26 11:25:06 --> Session: Class initialized using 'CodeIgniter\Session\Handlers\FileHandler' driver.
INFO - 2023-09-26 11:26:06 --> Session: Class initialized using 'CodeIgniter\Session\Handlers\FileHandler' driver.
INFO - 2023-09-26 11:26:07 --> Session: Class initialized using 'CodeIgniter\Session\Handlers\FileHandler' driver.
INFO - 2023-09-26 11:26:18 --> Session: Class initialized using 'CodeIgniter\Session\Handlers\FileHandler' driver.
INFO - 2023-09-26 11:26:18 --> Session: Class initialized using 'CodeIgniter\Session\Handlers\FileHandler' driver.
INFO - 2023-09-26 11:26:23 --> Session: Class initialized using 'CodeIgniter\Session\Handlers\FileHandler' driver.
INFO - 2023-09-26 11:26:23 --> Session: Class initialized using 'CodeIgniter\Session\Handlers\FileHandler' driver.
INFO - 2023-09-26 11:26:49 --> Session: Class initialized using 'CodeIgniter\Session\Handlers\FileHandler' driver.
INFO - 2023-09-26 11:27:10 --> Session: Class initialized using 'CodeIgniter\Session\Handlers\FileHandler' driver.
INFO - 2023-09-26 11:27:11 --> Session: Class initialized using 'CodeIgniter\Session\Handlers\FileHandler' driver.
INFO - 2023-09-26 14:44:25 --> Session: Class initialized using 'CodeIgniter\Session\Handlers\FileHandler' driver.
INFO - 2023-09-26 14:47:13 --> Session: Class initialized using 'CodeIgniter\Session\Handlers\FileHandler' driver.
INFO - 2023-09-26 14:48:30 --> Session: Class initialized using 'CodeIgniter\Session\Handlers\FileHandler' driver.
INFO - 2023-09-26 14:49:25 --> Session: Class initialized using 'CodeIgniter\Session\Handlers\FileHandler' driver.
INFO - 2023-09-26 14:49:57 --> Session: Class initialized using 'CodeIgniter\Session\Handlers\FileHandler' driver.
INFO - 2023-09-26 15:00:31 --> Session: Class initialized using 'CodeIgniter\Session\Handlers\FileHandler' driver.
INFO - 2023-09-26 15:06:04 --> Session: Class initialized using 'CodeIgniter\Session\Handlers\FileHandler' driver.
INFO - 2023-09-26 15:07:22 --> Session: Class initialized using 'CodeIgniter\Session\Handlers\FileHandler' driver.
INFO - 2023-09-26 15:07:44 --> Session: Class initialized using 'CodeIgniter\Session\Handlers\FileHandler' driver.
INFO - 2023-09-26 15:07:57 --> Session: Class initialized using 'CodeIgniter\Session\Handlers\FileHandler' driver.
INFO - 2023-09-26 15:09:17 --> Session: Class initialized using 'CodeIgniter\Session\Handlers\FileHandler' driver.
INFO - 2023-09-26 15:09:54 --> Session: Class initialized using 'CodeIgniter\Session\Handlers\FileHandler' driver.
INFO - 2023-09-26 15:10:24 --> Session: Class initialized using 'CodeIgniter\Session\Handlers\FileHandler' driver.
INFO - 2023-09-26 15:10:37 --> Session: Class initialized using 'CodeIgniter\Session\Handlers\FileHandler' driver.
INFO - 2023-09-26 15:14:16 --> Session: Class initialized using 'CodeIgniter\Session\Handlers\FileHandler' driver.
INFO - 2023-09-26 15:16:17 --> Session: Class initialized using 'CodeIgniter\Session\Handlers\FileHandler' driver.
INFO - 2023-09-26 15:16:29 --> Session: Class initialized using 'CodeIgniter\Session\Handlers\FileHandler' driver.
INFO - 2023-09-26 15:16:32 --> Session: Class initialized using 'CodeIgniter\Session\Handlers\FileHandler' driver.
INFO - 2023-09-26 15:16:38 --> Session: Class initialized using 'CodeIgniter\Session\Handlers\FileHandler' driver.
INFO - 2023-09-26 15:16:45 --> Session: Class initialized using 'CodeIgniter\Session\Handlers\FileHandler' driver.
INFO - 2023-09-26 15:31:13 --> Session: Class initialized using 'CodeIgniter\Session\Handlers\FileHandler' driver.
INFO - 2023-09-26 15:32:35 --> Session: Class initialized using 'CodeIgniter\Session\Handlers\FileHandler' driver.
INFO - 2023-09-26 15:32:46 --> Session: Class initialized using 'CodeIgniter\Session\Handlers\FileHandler' driver.
INFO - 2023-09-26 15:33:12 --> Session: Class initialized using 'CodeIgniter\Session\Handlers\FileHandler' driver.
INFO - 2023-09-26 15:48:45 --> Session: Class initialized using 'CodeIgniter\Session\Handlers\FileHandler' driver.
INFO - 2023-09-26 15:48:55 --> Session: Class initialized using 'CodeIgniter\Session\Handlers\FileHandler' driver.
INFO - 2023-09-26 15:50:07 --> Session: Class initialized using 'CodeIgniter\Session\Handlers\FileHandler' driver.
INFO - 2023-09-26 15:55:48 --> Session: Class initialized using 'CodeIgniter\Session\Handlers\FileHandler' driver.
INFO - 2023-09-26 15:56:38 --> Session: Class initialized using 'CodeIgniter\Session\Handlers\FileHandler' driver.
INFO - 2023-09-26 15:57:53 --> Session: Class initialized using 'CodeIgniter\Session\Handlers\FileHandler' driver.
INFO - 2023-09-26 15:58:02 --> Session: Class initialized using 'CodeIgniter\Session\Handlers\FileHandler' driver.
INFO - 2023-09-26 15:59:49 --> Session: Class initialized using 'CodeIgniter\Session\Handlers\FileHandler' driver.
INFO - 2023-09-26 16:00:22 --> Session: Class initialized using 'CodeIgniter\Session\Handlers\FileHandler' driver.
INFO - 2023-09-26 16:01:02 --> Session: Class initialized using 'CodeIgniter\Session\Handlers\FileHandler' driver.
INFO - 2023-09-26 16:06:42 --> Session: Class initialized using 'CodeIgniter\Session\Handlers\FileHandler' driver.
INFO - 2023-09-26 16:06:55 --> Session: Class initialized using 'CodeIgniter\Session\Handlers\FileHandler' driver.
INFO - 2023-09-26 16:07:32 --> Session: Class initialized using 'CodeIgniter\Session\Handlers\FileHandler' driver.
INFO - 2023-09-26 16:08:00 --> Session: Class initialized using 'CodeIgniter\Session\Handlers\FileHandler' driver.
INFO - 2023-09-26 16:08:12 --> Session: Class initialized using 'CodeIgniter\Session\Handlers\FileHandler' driver.
INFO - 2023-09-26 16:08:38 --> Session: Class initialized using 'CodeIgniter\Session\Handlers\FileHandler' driver.
INFO - 2023-09-26 16:10:48 --> Session: Class initialized using 'CodeIgniter\Session\Handlers\FileHandler' driver.
INFO - 2023-09-26 16:10:58 --> Session: Class initialized using 'CodeIgniter\Session\Handlers\FileHandler' driver.
INFO - 2023-09-26 16:13:10 --> Session: Class initialized using 'CodeIgniter\Session\Handlers\FileHandler' driver.
INFO - 2023-09-26 16:14:31 --> Session: Class initialized using 'CodeIgniter\Session\Handlers\FileHandler' driver.
INFO - 2023-09-26 16:14:47 --> Session: Class initialized using 'CodeIgniter\Session\Handlers\FileHandler' driver.
INFO - 2023-09-26 22:19:22 --> Session: Class initialized using 'CodeIgniter\Session\Handlers\FileHandler' driver.
INFO - 2023-09-26 22:33:48 --> Session: Class initialized using 'CodeIgniter\Session\Handlers\FileHandler' driver.
INFO - 2023-09-26 22:33:50 --> Session: Class initialized using 'CodeIgniter\Session\Handlers\FileHandler' driver.
INFO - 2023-09-26 22:35:36 --> Session: Class initialized using 'CodeIgniter\Session\Handlers\FileHandler' driver.
INFO - 2023-09-26 22:35:40 --> Session: Class initialized using 'CodeIgniter\Session\Handlers\FileHandler' driver.
INFO - 2023-09-26 22:36:04 --> Session: Class initialized using 'CodeIgniter\Session\Handlers\FileHandler' driver.
INFO - 2023-09-26 22:36:04 --> Session: Class initialized using 'CodeIgniter\Session\Handlers\FileHandler' driver.
INFO - 2023-09-26 22:36:11 --> Session: Class initialized using 'CodeIgniter\Session\Handlers\FileHandler' driver.
INFO - 2023-09-26 22:36:11 --> Session: Class initialized using 'CodeIgniter\Session\Handlers\FileHandler' driver.
WARNING - 2023-09-26 22:40:45 --> [DEPRECATED] hash(): Passing null to parameter #2 ($data) of type string is deprecated in APPPATH\Controllers\Admin.php on line 62.
 1 APPPATH\Controllers\Admin.php(62): hash('crc32', null, true)
 2 SYSTEMPATH\CodeIgniter.php(934): App\Controllers\Admin->creercompte()
 3 SYSTEMPATH\CodeIgniter.php(499): CodeIgniter\CodeIgniter->runController(Object(App\Controllers\Admin))
 4 SYSTEMPATH\CodeIgniter.php(368): CodeIgniter\CodeIgniter->handleRequest(null, Object(Config\Cache), false)
 5 FCPATH\index.php(67): CodeIgniter\CodeIgniter->run()
 6 SYSTEMPATH\Commands\Server\rewrite.php(47): require_once('FCPATH\\index.php')
WARNING - 2023-09-26 22:40:45 --> [DEPRECATED] hash(): Passing null to parameter #2 ($data) of type string is deprecated in APPPATH\Controllers\Admin.php on line 62.
 1 APPPATH\Controllers\Admin.php(62): hash('crc32', null, true)
 2 SYSTEMPATH\CodeIgniter.php(934): App\Controllers\Admin->creercompte()
 3 SYSTEMPATH\CodeIgniter.php(499): CodeIgniter\CodeIgniter->runController(Object(App\Controllers\Admin))
 4 SYSTEMPATH\CodeIgniter.php(368): CodeIgniter\CodeIgniter->handleRequest(null, Object(Config\Cache), false)
 5 FCPATH\index.php(67): CodeIgniter\CodeIgniter->run()
 6 SYSTEMPATH\Commands\Server\rewrite.php(47): require_once('FCPATH\\index.php')
WARNING - 2023-09-26 22:40:45 --> [DEPRECATED] hash(): Passing null to parameter #2 ($data) of type string is deprecated in APPPATH\Controllers\Admin.php on line 62.
 1 APPPATH\Controllers\Admin.php(62): hash('crc32', null, true)
 2 SYSTEMPATH\CodeIgniter.php(934): App\Controllers\Admin->creercompte()
 3 SYSTEMPATH\CodeIgniter.php(499): CodeIgniter\CodeIgniter->runController(Object(App\Controllers\Admin))
 4 SYSTEMPATH\CodeIgniter.php(368): CodeIgniter\CodeIgniter->handleRequest(null, Object(Config\Cache), false)
 5 FCPATH\index.php(67): CodeIgniter\CodeIgniter->run()
 6 SYSTEMPATH\Commands\Server\rewrite.php(47): require_once('FCPATH\\index.php')
WARNING - 2023-09-26 22:40:46 --> [DEPRECATED] hash(): Passing null to parameter #2 ($data) of type string is deprecated in APPPATH\Controllers\Admin.php on line 62.
 1 APPPATH\Controllers\Admin.php(62): hash('crc32', null, true)
 2 SYSTEMPATH\CodeIgniter.php(934): App\Controllers\Admin->creercompte()
 3 SYSTEMPATH\CodeIgniter.php(499): CodeIgniter\CodeIgniter->runController(Object(App\Controllers\Admin))
 4 SYSTEMPATH\CodeIgniter.php(368): CodeIgniter\CodeIgniter->handleRequest(null, Object(Config\Cache), false)
 5 FCPATH\index.php(67): CodeIgniter\CodeIgniter->run()
 6 SYSTEMPATH\Commands\Server\rewrite.php(47): require_once('FCPATH\\index.php')
WARNING - 2023-09-26 22:40:46 --> [DEPRECATED] hash(): Passing null to parameter #2 ($data) of type string is deprecated in APPPATH\Controllers\Admin.php on line 62.
 1 APPPATH\Controllers\Admin.php(62): hash('crc32', null, true)
 2 SYSTEMPATH\CodeIgniter.php(934): App\Controllers\Admin->creercompte()
 3 SYSTEMPATH\CodeIgniter.php(499): CodeIgniter\CodeIgniter->runController(Object(App\Controllers\Admin))
 4 SYSTEMPATH\CodeIgniter.php(368): CodeIgniter\CodeIgniter->handleRequest(null, Object(Config\Cache), false)
 5 FCPATH\index.php(67): CodeIgniter\CodeIgniter->run()
 6 SYSTEMPATH\Commands\Server\rewrite.php(47): require_once('FCPATH\\index.php')
WARNING - 2023-09-26 22:40:46 --> [DEPRECATED] hash(): Passing null to parameter #2 ($data) of type string is deprecated in APPPATH\Controllers\Admin.php on line 62.
 1 APPPATH\Controllers\Admin.php(62): hash('crc32', null, true)
 2 SYSTEMPATH\CodeIgniter.php(934): App\Controllers\Admin->creercompte()
 3 SYSTEMPATH\CodeIgniter.php(499): CodeIgniter\CodeIgniter->runController(Object(App\Controllers\Admin))
 4 SYSTEMPATH\CodeIgniter.php(368): CodeIgniter\CodeIgniter->handleRequest(null, Object(Config\Cache), false)
 5 FCPATH\index.php(67): CodeIgniter\CodeIgniter->run()
 6 SYSTEMPATH\Commands\Server\rewrite.php(47): require_once('FCPATH\\index.php')
WARNING - 2023-09-26 22:40:46 --> [DEPRECATED] hash(): Passing null to parameter #2 ($data) of type string is deprecated in APPPATH\Controllers\Admin.php on line 62.
 1 APPPATH\Controllers\Admin.php(62): hash('crc32', null, true)
 2 SYSTEMPATH\CodeIgniter.php(934): App\Controllers\Admin->creercompte()
 3 SYSTEMPATH\CodeIgniter.php(499): CodeIgniter\CodeIgniter->runController(Object(App\Controllers\Admin))
 4 SYSTEMPATH\CodeIgniter.php(368): CodeIgniter\CodeIgniter->handleRequest(null, Object(Config\Cache), false)
 5 FCPATH\index.php(67): CodeIgniter\CodeIgniter->run()
 6 SYSTEMPATH\Commands\Server\rewrite.php(47): require_once('FCPATH\\index.php')
WARNING - 2023-09-26 22:40:47 --> [DEPRECATED] hash(): Passing null to parameter #2 ($data) of type string is deprecated in APPPATH\Controllers\Admin.php on line 62.
 1 APPPATH\Controllers\Admin.php(62): hash('crc32', null, true)
 2 SYSTEMPATH\CodeIgniter.php(934): App\Controllers\Admin->creercompte()
 3 SYSTEMPATH\CodeIgniter.php(499): CodeIgniter\CodeIgniter->runController(Object(App\Controllers\Admin))
 4 SYSTEMPATH\CodeIgniter.php(368): CodeIgniter\CodeIgniter->handleRequest(null, Object(Config\Cache), false)
 5 FCPATH\index.php(67): CodeIgniter\CodeIgniter->run()
 6 SYSTEMPATH\Commands\Server\rewrite.php(47): require_once('FCPATH\\index.php')
WARNING - 2023-09-26 22:40:47 --> [DEPRECATED] hash(): Passing null to parameter #2 ($data) of type string is deprecated in APPPATH\Controllers\Admin.php on line 62.
 1 APPPATH\Controllers\Admin.php(62): hash('crc32', null, true)
 2 SYSTEMPATH\CodeIgniter.php(934): App\Controllers\Admin->creercompte()
 3 SYSTEMPATH\CodeIgniter.php(499): CodeIgniter\CodeIgniter->runController(Object(App\Controllers\Admin))
 4 SYSTEMPATH\CodeIgniter.php(368): CodeIgniter\CodeIgniter->handleRequest(null, Object(Config\Cache), false)
 5 FCPATH\index.php(67): CodeIgniter\CodeIgniter->run()
 6 SYSTEMPATH\Commands\Server\rewrite.php(47): require_once('FCPATH\\index.php')
WARNING - 2023-09-26 22:40:47 --> [DEPRECATED] hash(): Passing null to parameter #2 ($data) of type string is deprecated in APPPATH\Controllers\Admin.php on line 62.
 1 APPPATH\Controllers\Admin.php(62): hash('crc32', null, true)
 2 SYSTEMPATH\CodeIgniter.php(934): App\Controllers\Admin->creercompte()
 3 SYSTEMPATH\CodeIgniter.php(499): CodeIgniter\CodeIgniter->runController(Object(App\Controllers\Admin))
 4 SYSTEMPATH\CodeIgniter.php(368): CodeIgniter\CodeIgniter->handleRequest(null, Object(Config\Cache), false)
 5 FCPATH\index.php(67): CodeIgniter\CodeIgniter->run()
 6 SYSTEMPATH\Commands\Server\rewrite.php(47): require_once('FCPATH\\index.php')
WARNING - 2023-09-26 22:40:47 --> [DEPRECATED] hash(): Passing null to parameter #2 ($data) of type string is deprecated in APPPATH\Controllers\Admin.php on line 62.
 1 APPPATH\Controllers\Admin.php(62): hash('crc32', null, true)
 2 SYSTEMPATH\CodeIgniter.php(934): App\Controllers\Admin->creercompte()
 3 SYSTEMPATH\CodeIgniter.php(499): CodeIgniter\CodeIgniter->runController(Object(App\Controllers\Admin))
 4 SYSTEMPATH\CodeIgniter.php(368): CodeIgniter\CodeIgniter->handleRequest(null, Object(Config\Cache), false)
 5 FCPATH\index.php(67): CodeIgniter\CodeIgniter->run()
 6 SYSTEMPATH\Commands\Server\rewrite.php(47): require_once('FCPATH\\index.php')
WARNING - 2023-09-26 22:40:48 --> [DEPRECATED] hash(): Passing null to parameter #2 ($data) of type string is deprecated in APPPATH\Controllers\Admin.php on line 62.
 1 APPPATH\Controllers\Admin.php(62): hash('crc32', null, true)
 2 SYSTEMPATH\CodeIgniter.php(934): App\Controllers\Admin->creercompte()
 3 SYSTEMPATH\CodeIgniter.php(499): CodeIgniter\CodeIgniter->runController(Object(App\Controllers\Admin))
 4 SYSTEMPATH\CodeIgniter.php(368): CodeIgniter\CodeIgniter->handleRequest(null, Object(Config\Cache), false)
 5 FCPATH\index.php(67): CodeIgniter\CodeIgniter->run()
 6 SYSTEMPATH\Commands\Server\rewrite.php(47): require_once('FCPATH\\index.php')
WARNING - 2023-09-26 22:40:48 --> [DEPRECATED] hash(): Passing null to parameter #2 ($data) of type string is deprecated in APPPATH\Controllers\Admin.php on line 62.
 1 APPPATH\Controllers\Admin.php(62): hash('crc32', null, true)
 2 SYSTEMPATH\CodeIgniter.php(934): App\Controllers\Admin->creercompte()
 3 SYSTEMPATH\CodeIgniter.php(499): CodeIgniter\CodeIgniter->runController(Object(App\Controllers\Admin))
 4 SYSTEMPATH\CodeIgniter.php(368): CodeIgniter\CodeIgniter->handleRequest(null, Object(Config\Cache), false)
 5 FCPATH\index.php(67): CodeIgniter\CodeIgniter->run()
 6 SYSTEMPATH\Commands\Server\rewrite.php(47): require_once('FCPATH\\index.php')
WARNING - 2023-09-26 22:40:48 --> [DEPRECATED] hash(): Passing null to parameter #2 ($data) of type string is deprecated in APPPATH\Controllers\Admin.php on line 62.
 1 APPPATH\Controllers\Admin.php(62): hash('crc32', null, true)
 2 SYSTEMPATH\CodeIgniter.php(934): App\Controllers\Admin->creercompte()
 3 SYSTEMPATH\CodeIgniter.php(499): CodeIgniter\CodeIgniter->runController(Object(App\Controllers\Admin))
 4 SYSTEMPATH\CodeIgniter.php(368): CodeIgniter\CodeIgniter->handleRequest(null, Object(Config\Cache), false)
 5 FCPATH\index.php(67): CodeIgniter\CodeIgniter->run()
 6 SYSTEMPATH\Commands\Server\rewrite.php(47): require_once('FCPATH\\index.php')
WARNING - 2023-09-26 22:40:49 --> [DEPRECATED] hash(): Passing null to parameter #2 ($data) of type string is deprecated in APPPATH\Controllers\Admin.php on line 62.
 1 APPPATH\Controllers\Admin.php(62): hash('crc32', null, true)
 2 SYSTEMPATH\CodeIgniter.php(934): App\Controllers\Admin->creercompte()
 3 SYSTEMPATH\CodeIgniter.php(499): CodeIgniter\CodeIgniter->runController(Object(App\Controllers\Admin))
 4 SYSTEMPATH\CodeIgniter.php(368): CodeIgniter\CodeIgniter->handleRequest(null, Object(Config\Cache), false)
 5 FCPATH\index.php(67): CodeIgniter\CodeIgniter->run()
 6 SYSTEMPATH\Commands\Server\rewrite.php(47): require_once('FCPATH\\index.php')
WARNING - 2023-09-26 22:40:49 --> [DEPRECATED] hash(): Passing null to parameter #2 ($data) of type string is deprecated in APPPATH\Controllers\Admin.php on line 62.
 1 APPPATH\Controllers\Admin.php(62): hash('crc32', null, true)
 2 SYSTEMPATH\CodeIgniter.php(934): App\Controllers\Admin->creercompte()
 3 SYSTEMPATH\CodeIgniter.php(499): CodeIgniter\CodeIgniter->runController(Object(App\Controllers\Admin))
 4 SYSTEMPATH\CodeIgniter.php(368): CodeIgniter\CodeIgniter->handleRequest(null, Object(Config\Cache), false)
 5 FCPATH\index.php(67): CodeIgniter\CodeIgniter->run()
 6 SYSTEMPATH\Commands\Server\rewrite.php(47): require_once('FCPATH\\index.php')
WARNING - 2023-09-26 22:40:49 --> [DEPRECATED] hash(): Passing null to parameter #2 ($data) of type string is deprecated in APPPATH\Controllers\Admin.php on line 62.
 1 APPPATH\Controllers\Admin.php(62): hash('crc32', null, true)
 2 SYSTEMPATH\CodeIgniter.php(934): App\Controllers\Admin->creercompte()
 3 SYSTEMPATH\CodeIgniter.php(499): CodeIgniter\CodeIgniter->runController(Object(App\Controllers\Admin))
 4 SYSTEMPATH\CodeIgniter.php(368): CodeIgniter\CodeIgniter->handleRequest(null, Object(Config\Cache), false)
 5 FCPATH\index.php(67): CodeIgniter\CodeIgniter->run()
 6 SYSTEMPATH\Commands\Server\rewrite.php(47): require_once('FCPATH\\index.php')
WARNING - 2023-09-26 22:40:49 --> [DEPRECATED] hash(): Passing null to parameter #2 ($data) of type string is deprecated in APPPATH\Controllers\Admin.php on line 62.
 1 APPPATH\Controllers\Admin.php(62): hash('crc32', null, true)
 2 SYSTEMPATH\CodeIgniter.php(934): App\Controllers\Admin->creercompte()
 3 SYSTEMPATH\CodeIgniter.php(499): CodeIgniter\CodeIgniter->runController(Object(App\Controllers\Admin))
 4 SYSTEMPATH\CodeIgniter.php(368): CodeIgniter\CodeIgniter->handleRequest(null, Object(Config\Cache), false)
 5 FCPATH\index.php(67): CodeIgniter\CodeIgniter->run()
 6 SYSTEMPATH\Commands\Server\rewrite.php(47): require_once('FCPATH\\index.php')
WARNING - 2023-09-26 22:40:50 --> [DEPRECATED] hash(): Passing null to parameter #2 ($data) of type string is deprecated in APPPATH\Controllers\Admin.php on line 62.
 1 APPPATH\Controllers\Admin.php(62): hash('crc32', null, true)
 2 SYSTEMPATH\CodeIgniter.php(934): App\Controllers\Admin->creercompte()
 3 SYSTEMPATH\CodeIgniter.php(499): CodeIgniter\CodeIgniter->runController(Object(App\Controllers\Admin))
 4 SYSTEMPATH\CodeIgniter.php(368): CodeIgniter\CodeIgniter->handleRequest(null, Object(Config\Cache), false)
 5 FCPATH\index.php(67): CodeIgniter\CodeIgniter->run()
 6 SYSTEMPATH\Commands\Server\rewrite.php(47): require_once('FCPATH\\index.php')
WARNING - 2023-09-26 22:40:50 --> [DEPRECATED] hash(): Passing null to parameter #2 ($data) of type string is deprecated in APPPATH\Controllers\Admin.php on line 62.
 1 APPPATH\Controllers\Admin.php(62): hash('crc32', null, true)
 2 SYSTEMPATH\CodeIgniter.php(934): App\Controllers\Admin->creercompte()
 3 SYSTEMPATH\CodeIgniter.php(499): CodeIgniter\CodeIgniter->runController(Object(App\Controllers\Admin))
 4 SYSTEMPATH\CodeIgniter.php(368): CodeIgniter\CodeIgniter->handleRequest(null, Object(Config\Cache), false)
 5 FCPATH\index.php(67): CodeIgniter\CodeIgniter->run()
 6 SYSTEMPATH\Commands\Server\rewrite.php(47): require_once('FCPATH\\index.php')
WARNING - 2023-09-26 22:40:50 --> [DEPRECATED] hash(): Passing null to parameter #2 ($data) of type string is deprecated in APPPATH\Controllers\Admin.php on line 62.
 1 APPPATH\Controllers\Admin.php(62): hash('crc32', null, true)
 2 SYSTEMPATH\CodeIgniter.php(934): App\Controllers\Admin->creercompte()
 3 SYSTEMPATH\CodeIgniter.php(499): CodeIgniter\CodeIgniter->runController(Object(App\Controllers\Admin))
 4 SYSTEMPATH\CodeIgniter.php(368): CodeIgniter\CodeIgniter->handleRequest(null, Object(Config\Cache), false)
 5 FCPATH\index.php(67): CodeIgniter\CodeIgniter->run()
 6 SYSTEMPATH\Commands\Server\rewrite.php(47): require_once('FCPATH\\index.php')
WARNING - 2023-09-26 22:40:50 --> [DEPRECATED] hash(): Passing null to parameter #2 ($data) of type string is deprecated in APPPATH\Controllers\Admin.php on line 62.
 1 APPPATH\Controllers\Admin.php(62): hash('crc32', null, true)
 2 SYSTEMPATH\CodeIgniter.php(934): App\Controllers\Admin->creercompte()
 3 SYSTEMPATH\CodeIgniter.php(499): CodeIgniter\CodeIgniter->runController(Object(App\Controllers\Admin))
 4 SYSTEMPATH\CodeIgniter.php(368): CodeIgniter\CodeIgniter->handleRequest(null, Object(Config\Cache), false)
 5 FCPATH\index.php(67): CodeIgniter\CodeIgniter->run()
 6 SYSTEMPATH\Commands\Server\rewrite.php(47): require_once('FCPATH\\index.php')
WARNING - 2023-09-26 22:40:51 --> [DEPRECATED] hash(): Passing null to parameter #2 ($data) of type string is deprecated in APPPATH\Controllers\Admin.php on line 62.
 1 APPPATH\Controllers\Admin.php(62): hash('crc32', null, true)
 2 SYSTEMPATH\CodeIgniter.php(934): App\Controllers\Admin->creercompte()
 3 SYSTEMPATH\CodeIgniter.php(499): CodeIgniter\CodeIgniter->runController(Object(App\Controllers\Admin))
 4 SYSTEMPATH\CodeIgniter.php(368): CodeIgniter\CodeIgniter->handleRequest(null, Object(Config\Cache), false)
 5 FCPATH\index.php(67): CodeIgniter\CodeIgniter->run()
 6 SYSTEMPATH\Commands\Server\rewrite.php(47): require_once('FCPATH\\index.php')
WARNING - 2023-09-26 22:40:51 --> [DEPRECATED] hash(): Passing null to parameter #2 ($data) of type string is deprecated in APPPATH\Controllers\Admin.php on line 62.
 1 APPPATH\Controllers\Admin.php(62): hash('crc32', null, true)
 2 SYSTEMPATH\CodeIgniter.php(934): App\Controllers\Admin->creercompte()
 3 SYSTEMPATH\CodeIgniter.php(499): CodeIgniter\CodeIgniter->runController(Object(App\Controllers\Admin))
 4 SYSTEMPATH\CodeIgniter.php(368): CodeIgniter\CodeIgniter->handleRequest(null, Object(Config\Cache), false)
 5 FCPATH\index.php(67): CodeIgniter\CodeIgniter->run()
 6 SYSTEMPATH\Commands\Server\rewrite.php(47): require_once('FCPATH\\index.php')
WARNING - 2023-09-26 22:40:51 --> [DEPRECATED] hash(): Passing null to parameter #2 ($data) of type string is deprecated in APPPATH\Controllers\Admin.php on line 62.
 1 APPPATH\Controllers\Admin.php(62): hash('crc32', null, true)
 2 SYSTEMPATH\CodeIgniter.php(934): App\Controllers\Admin->creercompte()
 3 SYSTEMPATH\CodeIgniter.php(499): CodeIgniter\CodeIgniter->runController(Object(App\Controllers\Admin))
 4 SYSTEMPATH\CodeIgniter.php(368): CodeIgniter\CodeIgniter->handleRequest(null, Object(Config\Cache), false)
 5 FCPATH\index.php(67): CodeIgniter\CodeIgniter->run()
 6 SYSTEMPATH\Commands\Server\rewrite.php(47): require_once('FCPATH\\index.php')
WARNING - 2023-09-26 22:40:51 --> [DEPRECATED] hash(): Passing null to parameter #2 ($data) of type string is deprecated in APPPATH\Controllers\Admin.php on line 62.
 1 APPPATH\Controllers\Admin.php(62): hash('crc32', null, true)
 2 SYSTEMPATH\CodeIgniter.php(934): App\Controllers\Admin->creercompte()
 3 SYSTEMPATH\CodeIgniter.php(499): CodeIgniter\CodeIgniter->runController(Object(App\Controllers\Admin))
 4 SYSTEMPATH\CodeIgniter.php(368): CodeIgniter\CodeIgniter->handleRequest(null, Object(Config\Cache), false)
 5 FCPATH\index.php(67): CodeIgniter\CodeIgniter->run()
 6 SYSTEMPATH\Commands\Server\rewrite.php(47): require_once('FCPATH\\index.php')
WARNING - 2023-09-26 22:40:52 --> [DEPRECATED] hash(): Passing null to parameter #2 ($data) of type string is deprecated in APPPATH\Controllers\Admin.php on line 62.
 1 APPPATH\Controllers\Admin.php(62): hash('crc32', null, true)
 2 SYSTEMPATH\CodeIgniter.php(934): App\Controllers\Admin->creercompte()
 3 SYSTEMPATH\CodeIgniter.php(499): CodeIgniter\CodeIgniter->runController(Object(App\Controllers\Admin))
 4 SYSTEMPATH\CodeIgniter.php(368): CodeIgniter\CodeIgniter->handleRequest(null, Object(Config\Cache), false)
 5 FCPATH\index.php(67): CodeIgniter\CodeIgniter->run()
 6 SYSTEMPATH\Commands\Server\rewrite.php(47): require_once('FCPATH\\index.php')
WARNING - 2023-09-26 22:40:52 --> [DEPRECATED] hash(): Passing null to parameter #2 ($data) of type string is deprecated in APPPATH\Controllers\Admin.php on line 62.
 1 APPPATH\Controllers\Admin.php(62): hash('crc32', null, true)
 2 SYSTEMPATH\CodeIgniter.php(934): App\Controllers\Admin->creercompte()
 3 SYSTEMPATH\CodeIgniter.php(499): CodeIgniter\CodeIgniter->runController(Object(App\Controllers\Admin))
 4 SYSTEMPATH\CodeIgniter.php(368): CodeIgniter\CodeIgniter->handleRequest(null, Object(Config\Cache), false)
 5 FCPATH\index.php(67): CodeIgniter\CodeIgniter->run()
 6 SYSTEMPATH\Commands\Server\rewrite.php(47): require_once('FCPATH\\index.php')
WARNING - 2023-09-26 22:40:52 --> [DEPRECATED] hash(): Passing null to parameter #2 ($data) of type string is deprecated in APPPATH\Controllers\Admin.php on line 62.
 1 APPPATH\Controllers\Admin.php(62): hash('crc32', null, true)
 2 SYSTEMPATH\CodeIgniter.php(934): App\Controllers\Admin->creercompte()
 3 SYSTEMPATH\CodeIgniter.php(499): CodeIgniter\CodeIgniter->runController(Object(App\Controllers\Admin))
 4 SYSTEMPATH\CodeIgniter.php(368): CodeIgniter\CodeIgniter->handleRequest(null, Object(Config\Cache), false)
 5 FCPATH\index.php(67): CodeIgniter\CodeIgniter->run()
 6 SYSTEMPATH\Commands\Server\rewrite.php(47): require_once('FCPATH\\index.php')
WARNING - 2023-09-26 22:40:52 --> [DEPRECATED] hash(): Passing null to parameter #2 ($data) of type string is deprecated in APPPATH\Controllers\Admin.php on line 62.
 1 APPPATH\Controllers\Admin.php(62): hash('crc32', null, true)
 2 SYSTEMPATH\CodeIgniter.php(934): App\Controllers\Admin->creercompte()
 3 SYSTEMPATH\CodeIgniter.php(499): CodeIgniter\CodeIgniter->runController(Object(App\Controllers\Admin))
 4 SYSTEMPATH\CodeIgniter.php(368): CodeIgniter\CodeIgniter->handleRequest(null, Object(Config\Cache), false)
 5 FCPATH\index.php(67): CodeIgniter\CodeIgniter->run()
 6 SYSTEMPATH\Commands\Server\rewrite.php(47): require_once('FCPATH\\index.php')
WARNING - 2023-09-26 22:40:53 --> [DEPRECATED] hash(): Passing null to parameter #2 ($data) of type string is deprecated in APPPATH\Controllers\Admin.php on line 62.
 1 APPPATH\Controllers\Admin.php(62): hash('crc32', null, true)
 2 SYSTEMPATH\CodeIgniter.php(934): App\Controllers\Admin->creercompte()
 3 SYSTEMPATH\CodeIgniter.php(499): CodeIgniter\CodeIgniter->runController(Object(App\Controllers\Admin))
 4 SYSTEMPATH\CodeIgniter.php(368): CodeIgniter\CodeIgniter->handleRequest(null, Object(Config\Cache), false)
 5 FCPATH\index.php(67): CodeIgniter\CodeIgniter->run()
 6 SYSTEMPATH\Commands\Server\rewrite.php(47): require_once('FCPATH\\index.php')
WARNING - 2023-09-26 22:40:53 --> [DEPRECATED] hash(): Passing null to parameter #2 ($data) of type string is deprecated in APPPATH\Controllers\Admin.php on line 62.
 1 APPPATH\Controllers\Admin.php(62): hash('crc32', null, true)
 2 SYSTEMPATH\CodeIgniter.php(934): App\Controllers\Admin->creercompte()
 3 SYSTEMPATH\CodeIgniter.php(499): CodeIgniter\CodeIgniter->runController(Object(App\Controllers\Admin))
 4 SYSTEMPATH\CodeIgniter.php(368): CodeIgniter\CodeIgniter->handleRequest(null, Object(Config\Cache), false)
 5 FCPATH\index.php(67): CodeIgniter\CodeIgniter->run()
 6 SYSTEMPATH\Commands\Server\rewrite.php(47): require_once('FCPATH\\index.php')
WARNING - 2023-09-26 22:40:53 --> [DEPRECATED] hash(): Passing null to parameter #2 ($data) of type string is deprecated in APPPATH\Controllers\Admin.php on line 62.
 1 APPPATH\Controllers\Admin.php(62): hash('crc32', null, true)
 2 SYSTEMPATH\CodeIgniter.php(934): App\Controllers\Admin->creercompte()
 3 SYSTEMPATH\CodeIgniter.php(499): CodeIgniter\CodeIgniter->runController(Object(App\Controllers\Admin))
 4 SYSTEMPATH\CodeIgniter.php(368): CodeIgniter\CodeIgniter->handleRequest(null, Object(Config\Cache), false)
 5 FCPATH\index.php(67): CodeIgniter\CodeIgniter->run()
 6 SYSTEMPATH\Commands\Server\rewrite.php(47): require_once('FCPATH\\index.php')
WARNING - 2023-09-26 22:40:53 --> [DEPRECATED] hash(): Passing null to parameter #2 ($data) of type string is deprecated in APPPATH\Controllers\Admin.php on line 62.
 1 APPPATH\Controllers\Admin.php(62): hash('crc32', null, true)
 2 SYSTEMPATH\CodeIgniter.php(934): App\Controllers\Admin->creercompte()
 3 SYSTEMPATH\CodeIgniter.php(499): CodeIgniter\CodeIgniter->runController(Object(App\Controllers\Admin))
 4 SYSTEMPATH\CodeIgniter.php(368): CodeIgniter\CodeIgniter->handleRequest(null, Object(Config\Cache), false)
 5 FCPATH\index.php(67): CodeIgniter\CodeIgniter->run()
 6 SYSTEMPATH\Commands\Server\rewrite.php(47): require_once('FCPATH\\index.php')
WARNING - 2023-09-26 22:40:54 --> [DEPRECATED] hash(): Passing null to parameter #2 ($data) of type string is deprecated in APPPATH\Controllers\Admin.php on line 62.
 1 APPPATH\Controllers\Admin.php(62): hash('crc32', null, true)
 2 SYSTEMPATH\CodeIgniter.php(934): App\Controllers\Admin->creercompte()
 3 SYSTEMPATH\CodeIgniter.php(499): CodeIgniter\CodeIgniter->runController(Object(App\Controllers\Admin))
 4 SYSTEMPATH\CodeIgniter.php(368): CodeIgniter\CodeIgniter->handleRequest(null, Object(Config\Cache), false)
 5 FCPATH\index.php(67): CodeIgniter\CodeIgniter->run()
 6 SYSTEMPATH\Commands\Server\rewrite.php(47): require_once('FCPATH\\index.php')
WARNING - 2023-09-26 22:40:54 --> [DEPRECATED] hash(): Passing null to parameter #2 ($data) of type string is deprecated in APPPATH\Controllers\Admin.php on line 62.
 1 APPPATH\Controllers\Admin.php(62): hash('crc32', null, true)
 2 SYSTEMPATH\CodeIgniter.php(934): App\Controllers\Admin->creercompte()
 3 SYSTEMPATH\CodeIgniter.php(499): CodeIgniter\CodeIgniter->runController(Object(App\Controllers\Admin))
 4 SYSTEMPATH\CodeIgniter.php(368): CodeIgniter\CodeIgniter->handleRequest(null, Object(Config\Cache), false)
 5 FCPATH\index.php(67): CodeIgniter\CodeIgniter->run()
 6 SYSTEMPATH\Commands\Server\rewrite.php(47): require_once('FCPATH\\index.php')
WARNING - 2023-09-26 22:41:03 --> [DEPRECATED] hash(): Passing null to parameter #2 ($data) of type string is deprecated in APPPATH\Controllers\Admin.php on line 62.
 1 APPPATH\Controllers\Admin.php(62): hash('crc32', null, true)
 2 SYSTEMPATH\CodeIgniter.php(934): App\Controllers\Admin->creercompte()
 3 SYSTEMPATH\CodeIgniter.php(499): CodeIgniter\CodeIgniter->runController(Object(App\Controllers\Admin))
 4 SYSTEMPATH\CodeIgniter.php(368): CodeIgniter\CodeIgniter->handleRequest(null, Object(Config\Cache), false)
 5 FCPATH\index.php(67): CodeIgniter\CodeIgniter->run()
 6 SYSTEMPATH\Commands\Server\rewrite.php(47): require_once('FCPATH\\index.php')
WARNING - 2023-09-26 22:41:03 --> [DEPRECATED] hash(): Passing null to parameter #2 ($data) of type string is deprecated in APPPATH\Controllers\Admin.php on line 62.
 1 APPPATH\Controllers\Admin.php(62): hash('crc32', null, true)
 2 SYSTEMPATH\CodeIgniter.php(934): App\Controllers\Admin->creercompte()
 3 SYSTEMPATH\CodeIgniter.php(499): CodeIgniter\CodeIgniter->runController(Object(App\Controllers\Admin))
 4 SYSTEMPATH\CodeIgniter.php(368): CodeIgniter\CodeIgniter->handleRequest(null, Object(Config\Cache), false)
 5 FCPATH\index.php(67): CodeIgniter\CodeIgniter->run()
 6 SYSTEMPATH\Commands\Server\rewrite.php(47): require_once('FCPATH\\index.php')
WARNING - 2023-09-26 22:41:03 --> [DEPRECATED] hash(): Passing null to parameter #2 ($data) of type string is deprecated in APPPATH\Controllers\Admin.php on line 62.
 1 APPPATH\Controllers\Admin.php(62): hash('crc32', null, true)
 2 SYSTEMPATH\CodeIgniter.php(934): App\Controllers\Admin->creercompte()
 3 SYSTEMPATH\CodeIgniter.php(499): CodeIgniter\CodeIgniter->runController(Object(App\Controllers\Admin))
 4 SYSTEMPATH\CodeIgniter.php(368): CodeIgniter\CodeIgniter->handleRequest(null, Object(Config\Cache), false)
 5 FCPATH\index.php(67): CodeIgniter\CodeIgniter->run()
 6 SYSTEMPATH\Commands\Server\rewrite.php(47): require_once('FCPATH\\index.php')
WARNING - 2023-09-26 22:41:03 --> [DEPRECATED] hash(): Passing null to parameter #2 ($data) of type string is deprecated in APPPATH\Controllers\Admin.php on line 62.
 1 APPPATH\Controllers\Admin.php(62): hash('crc32', null, true)
 2 SYSTEMPATH\CodeIgniter.php(934): App\Controllers\Admin->creercompte()
 3 SYSTEMPATH\CodeIgniter.php(499): CodeIgniter\CodeIgniter->runController(Object(App\Controllers\Admin))
 4 SYSTEMPATH\CodeIgniter.php(368): CodeIgniter\CodeIgniter->handleRequest(null, Object(Config\Cache), false)
 5 FCPATH\index.php(67): CodeIgniter\CodeIgniter->run()
 6 SYSTEMPATH\Commands\Server\rewrite.php(47): require_once('FCPATH\\index.php')
WARNING - 2023-09-26 22:41:04 --> [DEPRECATED] hash(): Passing null to parameter #2 ($data) of type string is deprecated in APPPATH\Controllers\Admin.php on line 62.
 1 APPPATH\Controllers\Admin.php(62): hash('crc32', null, true)
 2 SYSTEMPATH\CodeIgniter.php(934): App\Controllers\Admin->creercompte()
 3 SYSTEMPATH\CodeIgniter.php(499): CodeIgniter\CodeIgniter->runController(Object(App\Controllers\Admin))
 4 SYSTEMPATH\CodeIgniter.php(368): CodeIgniter\CodeIgniter->handleRequest(null, Object(Config\Cache), false)
 5 FCPATH\index.php(67): CodeIgniter\CodeIgniter->run()
 6 SYSTEMPATH\Commands\Server\rewrite.php(47): require_once('FCPATH\\index.php')
WARNING - 2023-09-26 22:41:04 --> [DEPRECATED] hash(): Passing null to parameter #2 ($data) of type string is deprecated in APPPATH\Controllers\Admin.php on line 62.
 1 APPPATH\Controllers\Admin.php(62): hash('crc32', null, true)
 2 SYSTEMPATH\CodeIgniter.php(934): App\Controllers\Admin->creercompte()
 3 SYSTEMPATH\CodeIgniter.php(499): CodeIgniter\CodeIgniter->runController(Object(App\Controllers\Admin))
 4 SYSTEMPATH\CodeIgniter.php(368): CodeIgniter\CodeIgniter->handleRequest(null, Object(Config\Cache), false)
 5 FCPATH\index.php(67): CodeIgniter\CodeIgniter->run()
 6 SYSTEMPATH\Commands\Server\rewrite.php(47): require_once('FCPATH\\index.php')
WARNING - 2023-09-26 22:41:04 --> [DEPRECATED] hash(): Passing null to parameter #2 ($data) of type string is deprecated in APPPATH\Controllers\Admin.php on line 62.
 1 APPPATH\Controllers\Admin.php(62): hash('crc32', null, true)
 2 SYSTEMPATH\CodeIgniter.php(934): App\Controllers\Admin->creercompte()
 3 SYSTEMPATH\CodeIgniter.php(499): CodeIgniter\CodeIgniter->runController(Object(App\Controllers\Admin))
 4 SYSTEMPATH\CodeIgniter.php(368): CodeIgniter\CodeIgniter->handleRequest(null, Object(Config\Cache), false)
 5 FCPATH\index.php(67): CodeIgniter\CodeIgniter->run()
 6 SYSTEMPATH\Commands\Server\rewrite.php(47): require_once('FCPATH\\index.php')
WARNING - 2023-09-26 22:41:04 --> [DEPRECATED] hash(): Passing null to parameter #2 ($data) of type string is deprecated in APPPATH\Controllers\Admin.php on line 62.
 1 APPPATH\Controllers\Admin.php(62): hash('crc32', null, true)
 2 SYSTEMPATH\CodeIgniter.php(934): App\Controllers\Admin->creercompte()
 3 SYSTEMPATH\CodeIgniter.php(499): CodeIgniter\CodeIgniter->runController(Object(App\Controllers\Admin))
 4 SYSTEMPATH\CodeIgniter.php(368): CodeIgniter\CodeIgniter->handleRequest(null, Object(Config\Cache), false)
 5 FCPATH\index.php(67): CodeIgniter\CodeIgniter->run()
 6 SYSTEMPATH\Commands\Server\rewrite.php(47): require_once('FCPATH\\index.php')
INFO - 2023-09-26 22:41:05 --> Session: Class initialized using 'CodeIgniter\Session\Handlers\FileHandler' driver.
WARNING - 2023-09-26 22:41:14 --> [DEPRECATED] hash(): Passing null to parameter #2 ($data) of type string is deprecated in APPPATH\Controllers\Admin.php on line 62.
 1 APPPATH\Controllers\Admin.php(62): hash('crc32', null, true)
 2 SYSTEMPATH\CodeIgniter.php(934): App\Controllers\Admin->creercompte()
 3 SYSTEMPATH\CodeIgniter.php(499): CodeIgniter\CodeIgniter->runController(Object(App\Controllers\Admin))
 4 SYSTEMPATH\CodeIgniter.php(368): CodeIgniter\CodeIgniter->handleRequest(null, Object(Config\Cache), false)
 5 FCPATH\index.php(67): CodeIgniter\CodeIgniter->run()
 6 SYSTEMPATH\Commands\Server\rewrite.php(47): require_once('FCPATH\\index.php')
WARNING - 2023-09-26 22:41:15 --> [DEPRECATED] hash(): Passing null to parameter #2 ($data) of type string is deprecated in APPPATH\Controllers\Admin.php on line 62.
 1 APPPATH\Controllers\Admin.php(62): hash('crc32', null, true)
 2 SYSTEMPATH\CodeIgniter.php(934): App\Controllers\Admin->creercompte()
 3 SYSTEMPATH\CodeIgniter.php(499): CodeIgniter\CodeIgniter->runController(Object(App\Controllers\Admin))
 4 SYSTEMPATH\CodeIgniter.php(368): CodeIgniter\CodeIgniter->handleRequest(null, Object(Config\Cache), false)
 5 FCPATH\index.php(67): CodeIgniter\CodeIgniter->run()
 6 SYSTEMPATH\Commands\Server\rewrite.php(47): require_once('FCPATH\\index.php')
WARNING - 2023-09-26 22:41:15 --> [DEPRECATED] hash(): Passing null to parameter #2 ($data) of type string is deprecated in APPPATH\Controllers\Admin.php on line 62.
 1 APPPATH\Controllers\Admin.php(62): hash('crc32', null, true)
 2 SYSTEMPATH\CodeIgniter.php(934): App\Controllers\Admin->creercompte()
 3 SYSTEMPATH\CodeIgniter.php(499): CodeIgniter\CodeIgniter->runController(Object(App\Controllers\Admin))
 4 SYSTEMPATH\CodeIgniter.php(368): CodeIgniter\CodeIgniter->handleRequest(null, Object(Config\Cache), false)
 5 FCPATH\index.php(67): CodeIgniter\CodeIgniter->run()
 6 SYSTEMPATH\Commands\Server\rewrite.php(47): require_once('FCPATH\\index.php')
WARNING - 2023-09-26 22:41:15 --> [DEPRECATED] hash(): Passing null to parameter #2 ($data) of type string is deprecated in APPPATH\Controllers\Admin.php on line 62.
 1 APPPATH\Controllers\Admin.php(62): hash('crc32', null, true)
 2 SYSTEMPATH\CodeIgniter.php(934): App\Controllers\Admin->creercompte()
 3 SYSTEMPATH\CodeIgniter.php(499): CodeIgniter\CodeIgniter->runController(Object(App\Controllers\Admin))
 4 SYSTEMPATH\CodeIgniter.php(368): CodeIgniter\CodeIgniter->handleRequest(null, Object(Config\Cache), false)
 5 FCPATH\index.php(67): CodeIgniter\CodeIgniter->run()
 6 SYSTEMPATH\Commands\Server\rewrite.php(47): require_once('FCPATH\\index.php')
WARNING - 2023-09-26 22:41:15 --> [DEPRECATED] hash(): Passing null to parameter #2 ($data) of type string is deprecated in APPPATH\Controllers\Admin.php on line 62.
 1 APPPATH\Controllers\Admin.php(62): hash('crc32', null, true)
 2 SYSTEMPATH\CodeIgniter.php(934): App\Controllers\Admin->creercompte()
 3 SYSTEMPATH\CodeIgniter.php(499): CodeIgniter\CodeIgniter->runController(Object(App\Controllers\Admin))
 4 SYSTEMPATH\CodeIgniter.php(368): CodeIgniter\CodeIgniter->handleRequest(null, Object(Config\Cache), false)
 5 FCPATH\index.php(67): CodeIgniter\CodeIgniter->run()
 6 SYSTEMPATH\Commands\Server\rewrite.php(47): require_once('FCPATH\\index.php')
WARNING - 2023-09-26 22:41:16 --> [DEPRECATED] hash(): Passing null to parameter #2 ($data) of type string is deprecated in APPPATH\Controllers\Admin.php on line 62.
 1 APPPATH\Controllers\Admin.php(62): hash('crc32', null, true)
 2 SYSTEMPATH\CodeIgniter.php(934): App\Controllers\Admin->creercompte()
 3 SYSTEMPATH\CodeIgniter.php(499): CodeIgniter\CodeIgniter->runController(Object(App\Controllers\Admin))
 4 SYSTEMPATH\CodeIgniter.php(368): CodeIgniter\CodeIgniter->handleRequest(null, Object(Config\Cache), false)
 5 FCPATH\index.php(67): CodeIgniter\CodeIgniter->run()
 6 SYSTEMPATH\Commands\Server\rewrite.php(47): require_once('FCPATH\\index.php')
WARNING - 2023-09-26 22:41:16 --> [DEPRECATED] hash(): Passing null to parameter #2 ($data) of type string is deprecated in APPPATH\Controllers\Admin.php on line 62.
 1 APPPATH\Controllers\Admin.php(62): hash('crc32', null, true)
 2 SYSTEMPATH\CodeIgniter.php(934): App\Controllers\Admin->creercompte()
 3 SYSTEMPATH\CodeIgniter.php(499): CodeIgniter\CodeIgniter->runController(Object(App\Controllers\Admin))
 4 SYSTEMPATH\CodeIgniter.php(368): CodeIgniter\CodeIgniter->handleRequest(null, Object(Config\Cache), false)
 5 FCPATH\index.php(67): CodeIgniter\CodeIgniter->run()
 6 SYSTEMPATH\Commands\Server\rewrite.php(47): require_once('FCPATH\\index.php')
WARNING - 2023-09-26 22:41:16 --> [DEPRECATED] hash(): Passing null to parameter #2 ($data) of type string is deprecated in APPPATH\Controllers\Admin.php on line 62.
 1 APPPATH\Controllers\Admin.php(62): hash('crc32', null, true)
 2 SYSTEMPATH\CodeIgniter.php(934): App\Controllers\Admin->creercompte()
 3 SYSTEMPATH\CodeIgniter.php(499): CodeIgniter\CodeIgniter->runController(Object(App\Controllers\Admin))
 4 SYSTEMPATH\CodeIgniter.php(368): CodeIgniter\CodeIgniter->handleRequest(null, Object(Config\Cache), false)
 5 FCPATH\index.php(67): CodeIgniter\CodeIgniter->run()
 6 SYSTEMPATH\Commands\Server\rewrite.php(47): require_once('FCPATH\\index.php')
WARNING - 2023-09-26 22:41:16 --> [DEPRECATED] hash(): Passing null to parameter #2 ($data) of type string is deprecated in APPPATH\Controllers\Admin.php on line 62.
 1 APPPATH\Controllers\Admin.php(62): hash('crc32', null, true)
 2 SYSTEMPATH\CodeIgniter.php(934): App\Controllers\Admin->creercompte()
 3 SYSTEMPATH\CodeIgniter.php(499): CodeIgniter\CodeIgniter->runController(Object(App\Controllers\Admin))
 4 SYSTEMPATH\CodeIgniter.php(368): CodeIgniter\CodeIgniter->handleRequest(null, Object(Config\Cache), false)
 5 FCPATH\index.php(67): CodeIgniter\CodeIgniter->run()
 6 SYSTEMPATH\Commands\Server\rewrite.php(47): require_once('FCPATH\\index.php')
WARNING - 2023-09-26 22:41:17 --> [DEPRECATED] hash(): Passing null to parameter #2 ($data) of type string is deprecated in APPPATH\Controllers\Admin.php on line 62.
 1 APPPATH\Controllers\Admin.php(62): hash('crc32', null, true)
 2 SYSTEMPATH\CodeIgniter.php(934): App\Controllers\Admin->creercompte()
 3 SYSTEMPATH\CodeIgniter.php(499): CodeIgniter\CodeIgniter->runController(Object(App\Controllers\Admin))
 4 SYSTEMPATH\CodeIgniter.php(368): CodeIgniter\CodeIgniter->handleRequest(null, Object(Config\Cache), false)
 5 FCPATH\index.php(67): CodeIgniter\CodeIgniter->run()
 6 SYSTEMPATH\Commands\Server\rewrite.php(47): require_once('FCPATH\\index.php')
WARNING - 2023-09-26 22:41:17 --> [DEPRECATED] hash(): Passing null to parameter #2 ($data) of type string is deprecated in APPPATH\Controllers\Admin.php on line 62.
 1 APPPATH\Controllers\Admin.php(62): hash('crc32', null, true)
 2 SYSTEMPATH\CodeIgniter.php(934): App\Controllers\Admin->creercompte()
 3 SYSTEMPATH\CodeIgniter.php(499): CodeIgniter\CodeIgniter->runController(Object(App\Controllers\Admin))
 4 SYSTEMPATH\CodeIgniter.php(368): CodeIgniter\CodeIgniter->handleRequest(null, Object(Config\Cache), false)
 5 FCPATH\index.php(67): CodeIgniter\CodeIgniter->run()
 6 SYSTEMPATH\Commands\Server\rewrite.php(47): require_once('FCPATH\\index.php')
WARNING - 2023-09-26 22:41:17 --> [DEPRECATED] hash(): Passing null to parameter #2 ($data) of type string is deprecated in APPPATH\Controllers\Admin.php on line 62.
 1 APPPATH\Controllers\Admin.php(62): hash('crc32', null, true)
 2 SYSTEMPATH\CodeIgniter.php(934): App\Controllers\Admin->creercompte()
 3 SYSTEMPATH\CodeIgniter.php(499): CodeIgniter\CodeIgniter->runController(Object(App\Controllers\Admin))
 4 SYSTEMPATH\CodeIgniter.php(368): CodeIgniter\CodeIgniter->handleRequest(null, Object(Config\Cache), false)
 5 FCPATH\index.php(67): CodeIgniter\CodeIgniter->run()
 6 SYSTEMPATH\Commands\Server\rewrite.php(47): require_once('FCPATH\\index.php')
WARNING - 2023-09-26 22:41:17 --> [DEPRECATED] hash(): Passing null to parameter #2 ($data) of type string is deprecated in APPPATH\Controllers\Admin.php on line 62.
 1 APPPATH\Controllers\Admin.php(62): hash('crc32', null, true)
 2 SYSTEMPATH\CodeIgniter.php(934): App\Controllers\Admin->creercompte()
 3 SYSTEMPATH\CodeIgniter.php(499): CodeIgniter\CodeIgniter->runController(Object(App\Controllers\Admin))
 4 SYSTEMPATH\CodeIgniter.php(368): CodeIgniter\CodeIgniter->handleRequest(null, Object(Config\Cache), false)
 5 FCPATH\index.php(67): CodeIgniter\CodeIgniter->run()
 6 SYSTEMPATH\Commands\Server\rewrite.php(47): require_once('FCPATH\\index.php')
WARNING - 2023-09-26 22:41:18 --> [DEPRECATED] hash(): Passing null to parameter #2 ($data) of type string is deprecated in APPPATH\Controllers\Admin.php on line 62.
 1 APPPATH\Controllers\Admin.php(62): hash('crc32', null, true)
 2 SYSTEMPATH\CodeIgniter.php(934): App\Controllers\Admin->creercompte()
 3 SYSTEMPATH\CodeIgniter.php(499): CodeIgniter\CodeIgniter->runController(Object(App\Controllers\Admin))
 4 SYSTEMPATH\CodeIgniter.php(368): CodeIgniter\CodeIgniter->handleRequest(null, Object(Config\Cache), false)
 5 FCPATH\index.php(67): CodeIgniter\CodeIgniter->run()
 6 SYSTEMPATH\Commands\Server\rewrite.php(47): require_once('FCPATH\\index.php')
WARNING - 2023-09-26 22:41:18 --> [DEPRECATED] hash(): Passing null to parameter #2 ($data) of type string is deprecated in APPPATH\Controllers\Admin.php on line 62.
 1 APPPATH\Controllers\Admin.php(62): hash('crc32', null, true)
 2 SYSTEMPATH\CodeIgniter.php(934): App\Controllers\Admin->creercompte()
 3 SYSTEMPATH\CodeIgniter.php(499): CodeIgniter\CodeIgniter->runController(Object(App\Controllers\Admin))
 4 SYSTEMPATH\CodeIgniter.php(368): CodeIgniter\CodeIgniter->handleRequest(null, Object(Config\Cache), false)
 5 FCPATH\index.php(67): CodeIgniter\CodeIgniter->run()
 6 SYSTEMPATH\Commands\Server\rewrite.php(47): require_once('FCPATH\\index.php')
WARNING - 2023-09-26 22:41:18 --> [DEPRECATED] hash(): Passing null to parameter #2 ($data) of type string is deprecated in APPPATH\Controllers\Admin.php on line 62.
 1 APPPATH\Controllers\Admin.php(62): hash('crc32', null, true)
 2 SYSTEMPATH\CodeIgniter.php(934): App\Controllers\Admin->creercompte()
 3 SYSTEMPATH\CodeIgniter.php(499): CodeIgniter\CodeIgniter->runController(Object(App\Controllers\Admin))
 4 SYSTEMPATH\CodeIgniter.php(368): CodeIgniter\CodeIgniter->handleRequest(null, Object(Config\Cache), false)
 5 FCPATH\index.php(67): CodeIgniter\CodeIgniter->run()
 6 SYSTEMPATH\Commands\Server\rewrite.php(47): require_once('FCPATH\\index.php')
WARNING - 2023-09-26 22:41:19 --> [DEPRECATED] hash(): Passing null to parameter #2 ($data) of type string is deprecated in APPPATH\Controllers\Admin.php on line 62.
 1 APPPATH\Controllers\Admin.php(62): hash('crc32', null, true)
 2 SYSTEMPATH\CodeIgniter.php(934): App\Controllers\Admin->creercompte()
 3 SYSTEMPATH\CodeIgniter.php(499): CodeIgniter\CodeIgniter->runController(Object(App\Controllers\Admin))
 4 SYSTEMPATH\CodeIgniter.php(368): CodeIgniter\CodeIgniter->handleRequest(null, Object(Config\Cache), false)
 5 FCPATH\index.php(67): CodeIgniter\CodeIgniter->run()
 6 SYSTEMPATH\Commands\Server\rewrite.php(47): require_once('FCPATH\\index.php')
WARNING - 2023-09-26 22:41:19 --> [DEPRECATED] hash(): Passing null to parameter #2 ($data) of type string is deprecated in APPPATH\Controllers\Admin.php on line 62.
 1 APPPATH\Controllers\Admin.php(62): hash('crc32', null, true)
 2 SYSTEMPATH\CodeIgniter.php(934): App\Controllers\Admin->creercompte()
 3 SYSTEMPATH\CodeIgniter.php(499): CodeIgniter\CodeIgniter->runController(Object(App\Controllers\Admin))
 4 SYSTEMPATH\CodeIgniter.php(368): CodeIgniter\CodeIgniter->handleRequest(null, Object(Config\Cache), false)
 5 FCPATH\index.php(67): CodeIgniter\CodeIgniter->run()
 6 SYSTEMPATH\Commands\Server\rewrite.php(47): require_once('FCPATH\\index.php')
WARNING - 2023-09-26 22:41:19 --> [DEPRECATED] hash(): Passing null to parameter #2 ($data) of type string is deprecated in APPPATH\Controllers\Admin.php on line 62.
 1 APPPATH\Controllers\Admin.php(62): hash('crc32', null, true)
 2 SYSTEMPATH\CodeIgniter.php(934): App\Controllers\Admin->creercompte()
 3 SYSTEMPATH\CodeIgniter.php(499): CodeIgniter\CodeIgniter->runController(Object(App\Controllers\Admin))
 4 SYSTEMPATH\CodeIgniter.php(368): CodeIgniter\CodeIgniter->handleRequest(null, Object(Config\Cache), false)
 5 FCPATH\index.php(67): CodeIgniter\CodeIgniter->run()
 6 SYSTEMPATH\Commands\Server\rewrite.php(47): require_once('FCPATH\\index.php')
WARNING - 2023-09-26 22:41:19 --> [DEPRECATED] hash(): Passing null to parameter #2 ($data) of type string is deprecated in APPPATH\Controllers\Admin.php on line 62.
 1 APPPATH\Controllers\Admin.php(62): hash('crc32', null, true)
 2 SYSTEMPATH\CodeIgniter.php(934): App\Controllers\Admin->creercompte()
 3 SYSTEMPATH\CodeIgniter.php(499): CodeIgniter\CodeIgniter->runController(Object(App\Controllers\Admin))
 4 SYSTEMPATH\CodeIgniter.php(368): CodeIgniter\CodeIgniter->handleRequest(null, Object(Config\Cache), false)
 5 FCPATH\index.php(67): CodeIgniter\CodeIgniter->run()
 6 SYSTEMPATH\Commands\Server\rewrite.php(47): require_once('FCPATH\\index.php')
WARNING - 2023-09-26 22:41:20 --> [DEPRECATED] hash(): Passing null to parameter #2 ($data) of type string is deprecated in APPPATH\Controllers\Admin.php on line 62.
 1 APPPATH\Controllers\Admin.php(62): hash('crc32', null, true)
 2 SYSTEMPATH\CodeIgniter.php(934): App\Controllers\Admin->creercompte()
 3 SYSTEMPATH\CodeIgniter.php(499): CodeIgniter\CodeIgniter->runController(Object(App\Controllers\Admin))
 4 SYSTEMPATH\CodeIgniter.php(368): CodeIgniter\CodeIgniter->handleRequest(null, Object(Config\Cache), false)
 5 FCPATH\index.php(67): CodeIgniter\CodeIgniter->run()
 6 SYSTEMPATH\Commands\Server\rewrite.php(47): require_once('FCPATH\\index.php')
INFO - 2023-09-26 22:45:45 --> Session: Class initialized using 'CodeIgniter\Session\Handlers\FileHandler' driver.
INFO - 2023-09-26 22:45:59 --> Session: Class initialized using 'CodeIgniter\Session\Handlers\FileHandler' driver.
WARNING - 2023-09-26 22:46:04 --> [DEPRECATED] hash(): Passing null to parameter #2 ($data) of type string is deprecated in APPPATH\Controllers\Admin.php on line 62.
 1 APPPATH\Controllers\Admin.php(62): hash('crc32', null, true)
 2 SYSTEMPATH\CodeIgniter.php(934): App\Controllers\Admin->creercompte()
 3 SYSTEMPATH\CodeIgniter.php(499): CodeIgniter\CodeIgniter->runController(Object(App\Controllers\Admin))
 4 SYSTEMPATH\CodeIgniter.php(368): CodeIgniter\CodeIgniter->handleRequest(null, Object(Config\Cache), false)
 5 FCPATH\index.php(67): CodeIgniter\CodeIgniter->run()
 6 SYSTEMPATH\Commands\Server\rewrite.php(47): require_once('FCPATH\\index.php')
WARNING - 2023-09-26 22:46:04 --> [DEPRECATED] hash(): Passing null to parameter #2 ($data) of type string is deprecated in APPPATH\Controllers\Admin.php on line 62.
 1 APPPATH\Controllers\Admin.php(62): hash('crc32', null, true)
 2 SYSTEMPATH\CodeIgniter.php(934): App\Controllers\Admin->creercompte()
 3 SYSTEMPATH\CodeIgniter.php(499): CodeIgniter\CodeIgniter->runController(Object(App\Controllers\Admin))
 4 SYSTEMPATH\CodeIgniter.php(368): CodeIgniter\CodeIgniter->handleRequest(null, Object(Config\Cache), false)
 5 FCPATH\index.php(67): CodeIgniter\CodeIgniter->run()
 6 SYSTEMPATH\Commands\Server\rewrite.php(47): require_once('FCPATH\\index.php')
WARNING - 2023-09-26 22:46:04 --> [DEPRECATED] hash(): Passing null to parameter #2 ($data) of type string is deprecated in APPPATH\Controllers\Admin.php on line 62.
 1 APPPATH\Controllers\Admin.php(62): hash('crc32', null, true)
 2 SYSTEMPATH\CodeIgniter.php(934): App\Controllers\Admin->creercompte()
 3 SYSTEMPATH\CodeIgniter.php(499): CodeIgniter\CodeIgniter->runController(Object(App\Controllers\Admin))
 4 SYSTEMPATH\CodeIgniter.php(368): CodeIgniter\CodeIgniter->handleRequest(null, Object(Config\Cache), false)
 5 FCPATH\index.php(67): CodeIgniter\CodeIgniter->run()
 6 SYSTEMPATH\Commands\Server\rewrite.php(47): require_once('FCPATH\\index.php')
WARNING - 2023-09-26 22:46:05 --> [DEPRECATED] hash(): Passing null to parameter #2 ($data) of type string is deprecated in APPPATH\Controllers\Admin.php on line 62.
 1 APPPATH\Controllers\Admin.php(62): hash('crc32', null, true)
 2 SYSTEMPATH\CodeIgniter.php(934): App\Controllers\Admin->creercompte()
 3 SYSTEMPATH\CodeIgniter.php(499): CodeIgniter\CodeIgniter->runController(Object(App\Controllers\Admin))
 4 SYSTEMPATH\CodeIgniter.php(368): CodeIgniter\CodeIgniter->handleRequest(null, Object(Config\Cache), false)
 5 FCPATH\index.php(67): CodeIgniter\CodeIgniter->run()
 6 SYSTEMPATH\Commands\Server\rewrite.php(47): require_once('FCPATH\\index.php')
WARNING - 2023-09-26 22:46:05 --> [DEPRECATED] hash(): Passing null to parameter #2 ($data) of type string is deprecated in APPPATH\Controllers\Admin.php on line 62.
 1 APPPATH\Controllers\Admin.php(62): hash('crc32', null, true)
 2 SYSTEMPATH\CodeIgniter.php(934): App\Controllers\Admin->creercompte()
 3 SYSTEMPATH\CodeIgniter.php(499): CodeIgniter\CodeIgniter->runController(Object(App\Controllers\Admin))
 4 SYSTEMPATH\CodeIgniter.php(368): CodeIgniter\CodeIgniter->handleRequest(null, Object(Config\Cache), false)
 5 FCPATH\index.php(67): CodeIgniter\CodeIgniter->run()
 6 SYSTEMPATH\Commands\Server\rewrite.php(47): require_once('FCPATH\\index.php')
WARNING - 2023-09-26 22:46:05 --> [DEPRECATED] hash(): Passing null to parameter #2 ($data) of type string is deprecated in APPPATH\Controllers\Admin.php on line 62.
 1 APPPATH\Controllers\Admin.php(62): hash('crc32', null, true)
 2 SYSTEMPATH\CodeIgniter.php(934): App\Controllers\Admin->creercompte()
 3 SYSTEMPATH\CodeIgniter.php(499): CodeIgniter\CodeIgniter->runController(Object(App\Controllers\Admin))
 4 SYSTEMPATH\CodeIgniter.php(368): CodeIgniter\CodeIgniter->handleRequest(null, Object(Config\Cache), false)
 5 FCPATH\index.php(67): CodeIgniter\CodeIgniter->run()
 6 SYSTEMPATH\Commands\Server\rewrite.php(47): require_once('FCPATH\\index.php')
WARNING - 2023-09-26 22:46:05 --> [DEPRECATED] hash(): Passing null to parameter #2 ($data) of type string is deprecated in APPPATH\Controllers\Admin.php on line 62.
 1 APPPATH\Controllers\Admin.php(62): hash('crc32', null, true)
 2 SYSTEMPATH\CodeIgniter.php(934): App\Controllers\Admin->creercompte()
 3 SYSTEMPATH\CodeIgniter.php(499): CodeIgniter\CodeIgniter->runController(Object(App\Controllers\Admin))
 4 SYSTEMPATH\CodeIgniter.php(368): CodeIgniter\CodeIgniter->handleRequest(null, Object(Config\Cache), false)
 5 FCPATH\index.php(67): CodeIgniter\CodeIgniter->run()
 6 SYSTEMPATH\Commands\Server\rewrite.php(47): require_once('FCPATH\\index.php')
WARNING - 2023-09-26 22:46:06 --> [DEPRECATED] hash(): Passing null to parameter #2 ($data) of type string is deprecated in APPPATH\Controllers\Admin.php on line 62.
 1 APPPATH\Controllers\Admin.php(62): hash('crc32', null, true)
 2 SYSTEMPATH\CodeIgniter.php(934): App\Controllers\Admin->creercompte()
 3 SYSTEMPATH\CodeIgniter.php(499): CodeIgniter\CodeIgniter->runController(Object(App\Controllers\Admin))
 4 SYSTEMPATH\CodeIgniter.php(368): CodeIgniter\CodeIgniter->handleRequest(null, Object(Config\Cache), false)
 5 FCPATH\index.php(67): CodeIgniter\CodeIgniter->run()
 6 SYSTEMPATH\Commands\Server\rewrite.php(47): require_once('FCPATH\\index.php')
WARNING - 2023-09-26 22:46:06 --> [DEPRECATED] hash(): Passing null to parameter #2 ($data) of type string is deprecated in APPPATH\Controllers\Admin.php on line 62.
 1 APPPATH\Controllers\Admin.php(62): hash('crc32', null, true)
 2 SYSTEMPATH\CodeIgniter.php(934): App\Controllers\Admin->creercompte()
 3 SYSTEMPATH\CodeIgniter.php(499): CodeIgniter\CodeIgniter->runController(Object(App\Controllers\Admin))
 4 SYSTEMPATH\CodeIgniter.php(368): CodeIgniter\CodeIgniter->handleRequest(null, Object(Config\Cache), false)
 5 FCPATH\index.php(67): CodeIgniter\CodeIgniter->run()
 6 SYSTEMPATH\Commands\Server\rewrite.php(47): require_once('FCPATH\\index.php')
WARNING - 2023-09-26 22:46:06 --> [DEPRECATED] hash(): Passing null to parameter #2 ($data) of type string is deprecated in APPPATH\Controllers\Admin.php on line 62.
 1 APPPATH\Controllers\Admin.php(62): hash('crc32', null, true)
 2 SYSTEMPATH\CodeIgniter.php(934): App\Controllers\Admin->creercompte()
 3 SYSTEMPATH\CodeIgniter.php(499): CodeIgniter\CodeIgniter->runController(Object(App\Controllers\Admin))
 4 SYSTEMPATH\CodeIgniter.php(368): CodeIgniter\CodeIgniter->handleRequest(null, Object(Config\Cache), false)
 5 FCPATH\index.php(67): CodeIgniter\CodeIgniter->run()
 6 SYSTEMPATH\Commands\Server\rewrite.php(47): require_once('FCPATH\\index.php')
WARNING - 2023-09-26 22:46:06 --> [DEPRECATED] hash(): Passing null to parameter #2 ($data) of type string is deprecated in APPPATH\Controllers\Admin.php on line 62.
 1 APPPATH\Controllers\Admin.php(62): hash('crc32', null, true)
 2 SYSTEMPATH\CodeIgniter.php(934): App\Controllers\Admin->creercompte()
 3 SYSTEMPATH\CodeIgniter.php(499): CodeIgniter\CodeIgniter->runController(Object(App\Controllers\Admin))
 4 SYSTEMPATH\CodeIgniter.php(368): CodeIgniter\CodeIgniter->handleRequest(null, Object(Config\Cache), false)
 5 FCPATH\index.php(67): CodeIgniter\CodeIgniter->run()
 6 SYSTEMPATH\Commands\Server\rewrite.php(47): require_once('FCPATH\\index.php')
WARNING - 2023-09-26 22:46:07 --> [DEPRECATED] hash(): Passing null to parameter #2 ($data) of type string is deprecated in APPPATH\Controllers\Admin.php on line 62.
 1 APPPATH\Controllers\Admin.php(62): hash('crc32', null, true)
 2 SYSTEMPATH\CodeIgniter.php(934): App\Controllers\Admin->creercompte()
 3 SYSTEMPATH\CodeIgniter.php(499): CodeIgniter\CodeIgniter->runController(Object(App\Controllers\Admin))
 4 SYSTEMPATH\CodeIgniter.php(368): CodeIgniter\CodeIgniter->handleRequest(null, Object(Config\Cache), false)
 5 FCPATH\index.php(67): CodeIgniter\CodeIgniter->run()
 6 SYSTEMPATH\Commands\Server\rewrite.php(47): require_once('FCPATH\\index.php')
WARNING - 2023-09-26 22:46:07 --> [DEPRECATED] hash(): Passing null to parameter #2 ($data) of type string is deprecated in APPPATH\Controllers\Admin.php on line 62.
 1 APPPATH\Controllers\Admin.php(62): hash('crc32', null, true)
 2 SYSTEMPATH\CodeIgniter.php(934): App\Controllers\Admin->creercompte()
 3 SYSTEMPATH\CodeIgniter.php(499): CodeIgniter\CodeIgniter->runController(Object(App\Controllers\Admin))
 4 SYSTEMPATH\CodeIgniter.php(368): CodeIgniter\CodeIgniter->handleRequest(null, Object(Config\Cache), false)
 5 FCPATH\index.php(67): CodeIgniter\CodeIgniter->run()
 6 SYSTEMPATH\Commands\Server\rewrite.php(47): require_once('FCPATH\\index.php')
WARNING - 2023-09-26 22:46:07 --> [DEPRECATED] hash(): Passing null to parameter #2 ($data) of type string is deprecated in APPPATH\Controllers\Admin.php on line 62.
 1 APPPATH\Controllers\Admin.php(62): hash('crc32', null, true)
 2 SYSTEMPATH\CodeIgniter.php(934): App\Controllers\Admin->creercompte()
 3 SYSTEMPATH\CodeIgniter.php(499): CodeIgniter\CodeIgniter->runController(Object(App\Controllers\Admin))
 4 SYSTEMPATH\CodeIgniter.php(368): CodeIgniter\CodeIgniter->handleRequest(null, Object(Config\Cache), false)
 5 FCPATH\index.php(67): CodeIgniter\CodeIgniter->run()
 6 SYSTEMPATH\Commands\Server\rewrite.php(47): require_once('FCPATH\\index.php')
WARNING - 2023-09-26 22:46:08 --> [DEPRECATED] hash(): Passing null to parameter #2 ($data) of type string is deprecated in APPPATH\Controllers\Admin.php on line 62.
 1 APPPATH\Controllers\Admin.php(62): hash('crc32', null, true)
 2 SYSTEMPATH\CodeIgniter.php(934): App\Controllers\Admin->creercompte()
 3 SYSTEMPATH\CodeIgniter.php(499): CodeIgniter\CodeIgniter->runController(Object(App\Controllers\Admin))
 4 SYSTEMPATH\CodeIgniter.php(368): CodeIgniter\CodeIgniter->handleRequest(null, Object(Config\Cache), false)
 5 FCPATH\index.php(67): CodeIgniter\CodeIgniter->run()
 6 SYSTEMPATH\Commands\Server\rewrite.php(47): require_once('FCPATH\\index.php')
WARNING - 2023-09-26 22:46:08 --> [DEPRECATED] hash(): Passing null to parameter #2 ($data) of type string is deprecated in APPPATH\Controllers\Admin.php on line 62.
 1 APPPATH\Controllers\Admin.php(62): hash('crc32', null, true)
 2 SYSTEMPATH\CodeIgniter.php(934): App\Controllers\Admin->creercompte()
 3 SYSTEMPATH\CodeIgniter.php(499): CodeIgniter\CodeIgniter->runController(Object(App\Controllers\Admin))
 4 SYSTEMPATH\CodeIgniter.php(368): CodeIgniter\CodeIgniter->handleRequest(null, Object(Config\Cache), false)
 5 FCPATH\index.php(67): CodeIgniter\CodeIgniter->run()
 6 SYSTEMPATH\Commands\Server\rewrite.php(47): require_once('FCPATH\\index.php')
WARNING - 2023-09-26 22:46:08 --> [DEPRECATED] hash(): Passing null to parameter #2 ($data) of type string is deprecated in APPPATH\Controllers\Admin.php on line 62.
 1 APPPATH\Controllers\Admin.php(62): hash('crc32', null, true)
 2 SYSTEMPATH\CodeIgniter.php(934): App\Controllers\Admin->creercompte()
 3 SYSTEMPATH\CodeIgniter.php(499): CodeIgniter\CodeIgniter->runController(Object(App\Controllers\Admin))
 4 SYSTEMPATH\CodeIgniter.php(368): CodeIgniter\CodeIgniter->handleRequest(null, Object(Config\Cache), false)
 5 FCPATH\index.php(67): CodeIgniter\CodeIgniter->run()
 6 SYSTEMPATH\Commands\Server\rewrite.php(47): require_once('FCPATH\\index.php')
WARNING - 2023-09-26 22:46:08 --> [DEPRECATED] hash(): Passing null to parameter #2 ($data) of type string is deprecated in APPPATH\Controllers\Admin.php on line 62.
 1 APPPATH\Controllers\Admin.php(62): hash('crc32', null, true)
 2 SYSTEMPATH\CodeIgniter.php(934): App\Controllers\Admin->creercompte()
 3 SYSTEMPATH\CodeIgniter.php(499): CodeIgniter\CodeIgniter->runController(Object(App\Controllers\Admin))
 4 SYSTEMPATH\CodeIgniter.php(368): CodeIgniter\CodeIgniter->handleRequest(null, Object(Config\Cache), false)
 5 FCPATH\index.php(67): CodeIgniter\CodeIgniter->run()
 6 SYSTEMPATH\Commands\Server\rewrite.php(47): require_once('FCPATH\\index.php')
WARNING - 2023-09-26 22:46:09 --> [DEPRECATED] hash(): Passing null to parameter #2 ($data) of type string is deprecated in APPPATH\Controllers\Admin.php on line 62.
 1 APPPATH\Controllers\Admin.php(62): hash('crc32', null, true)
 2 SYSTEMPATH\CodeIgniter.php(934): App\Controllers\Admin->creercompte()
 3 SYSTEMPATH\CodeIgniter.php(499): CodeIgniter\CodeIgniter->runController(Object(App\Controllers\Admin))
 4 SYSTEMPATH\CodeIgniter.php(368): CodeIgniter\CodeIgniter->handleRequest(null, Object(Config\Cache), false)
 5 FCPATH\index.php(67): CodeIgniter\CodeIgniter->run()
 6 SYSTEMPATH\Commands\Server\rewrite.php(47): require_once('FCPATH\\index.php')
WARNING - 2023-09-26 22:46:09 --> [DEPRECATED] hash(): Passing null to parameter #2 ($data) of type string is deprecated in APPPATH\Controllers\Admin.php on line 62.
 1 APPPATH\Controllers\Admin.php(62): hash('crc32', null, true)
 2 SYSTEMPATH\CodeIgniter.php(934): App\Controllers\Admin->creercompte()
 3 SYSTEMPATH\CodeIgniter.php(499): CodeIgniter\CodeIgniter->runController(Object(App\Controllers\Admin))
 4 SYSTEMPATH\CodeIgniter.php(368): CodeIgniter\CodeIgniter->handleRequest(null, Object(Config\Cache), false)
 5 FCPATH\index.php(67): CodeIgniter\CodeIgniter->run()
 6 SYSTEMPATH\Commands\Server\rewrite.php(47): require_once('FCPATH\\index.php')
WARNING - 2023-09-26 22:46:09 --> [DEPRECATED] hash(): Passing null to parameter #2 ($data) of type string is deprecated in APPPATH\Controllers\Admin.php on line 62.
 1 APPPATH\Controllers\Admin.php(62): hash('crc32', null, true)
 2 SYSTEMPATH\CodeIgniter.php(934): App\Controllers\Admin->creercompte()
 3 SYSTEMPATH\CodeIgniter.php(499): CodeIgniter\CodeIgniter->runController(Object(App\Controllers\Admin))
 4 SYSTEMPATH\CodeIgniter.php(368): CodeIgniter\CodeIgniter->handleRequest(null, Object(Config\Cache), false)
 5 FCPATH\index.php(67): CodeIgniter\CodeIgniter->run()
 6 SYSTEMPATH\Commands\Server\rewrite.php(47): require_once('FCPATH\\index.php')
CRITICAL - 2023-09-26 22:51:21 --> Undefined property: stdClass::$pwd
in APPPATH\Models\ModelAdmin.php on line 35.
 1 APPPATH\Models\ModelAdmin.php(35): CodeIgniter\Debug\Exceptions->errorHandler(2, 'Undefined property: stdClass::$pwd', 'APPPATH\\Models\\ModelAdmin.php', 35)
 2 APPPATH\Controllers\Admin.php(72): App\Models\ModelAdmin->issetUser('admin')
 3 SYSTEMPATH\CodeIgniter.php(934): App\Controllers\Admin->creercompte()
 4 SYSTEMPATH\CodeIgniter.php(499): CodeIgniter\CodeIgniter->runController(Object(App\Controllers\Admin))
 5 SYSTEMPATH\CodeIgniter.php(368): CodeIgniter\CodeIgniter->handleRequest(null, Object(Config\Cache), false)
 6 FCPATH\index.php(67): CodeIgniter\CodeIgniter->run()
 7 SYSTEMPATH\Commands\Server\rewrite.php(47): require_once('FCPATH\\index.php')
ERROR - 2023-09-26 22:51:58 --> mysqli_sql_exception: Duplicate entry 'admin' for key 'PRIMARY' in C:\Users\romai\Desktop\racine\system\Database\MySQLi\Connection.php:295
Stack trace:
#0 C:\Users\romai\Desktop\racine\system\Database\MySQLi\Connection.php(295): mysqli->query('INSERT INTO `us...', 0)
#1 C:\Users\romai\Desktop\racine\system\Database\BaseConnection.php(691): CodeIgniter\Database\MySQLi\Connection->execute('INSERT INTO `us...')
#2 C:\Users\romai\Desktop\racine\system\Database\BaseConnection.php(605): CodeIgniter\Database\BaseConnection->simpleQuery('INSERT INTO `us...')
#3 C:\Users\romai\Desktop\racine\app\Controllers\Admin.php(78): CodeIgniter\Database\BaseConnection->query('INSERT INTO `us...')
#4 C:\Users\romai\Desktop\racine\system\CodeIgniter.php(934): App\Controllers\Admin->creercompte()
#5 C:\Users\romai\Desktop\racine\system\CodeIgniter.php(499): CodeIgniter\CodeIgniter->runController(Object(App\Controllers\Admin))
#6 C:\Users\romai\Desktop\racine\system\CodeIgniter.php(368): CodeIgniter\CodeIgniter->handleRequest(NULL, Object(Config\Cache), false)
#7 C:\Users\romai\Desktop\racine\public\index.php(67): CodeIgniter\CodeIgniter->run()
#8 C:\Users\romai\Desktop\racine\system\Commands\Server\rewrite.php(47): require_once('C:\\Users\\romai\\...')
#9 {main}
CRITICAL - 2023-09-26 22:51:58 --> Duplicate entry 'admin' for key 'PRIMARY'
in SYSTEMPATH\Database\BaseConnection.php on line 645.
 1 APPPATH\Controllers\Admin.php(78): CodeIgniter\Database\BaseConnection->query('INSERT INTO `user` (`user`, `pwd`) VALUES (\'admin\',\'DÎœ_\')')
 2 SYSTEMPATH\CodeIgniter.php(934): App\Controllers\Admin->creercompte()
 3 SYSTEMPATH\CodeIgniter.php(499): CodeIgniter\CodeIgniter->runController(Object(App\Controllers\Admin))
 4 SYSTEMPATH\CodeIgniter.php(368): CodeIgniter\CodeIgniter->handleRequest(null, Object(Config\Cache), false)
 5 FCPATH\index.php(67): CodeIgniter\CodeIgniter->run()
 6 SYSTEMPATH\Commands\Server\rewrite.php(47): require_once('FCPATH\\index.php')
INFO - 2023-09-26 22:52:38 --> Session: Class initialized using 'CodeIgniter\Session\Handlers\FileHandler' driver.
INFO - 2023-09-26 22:58:33 --> Session: Class initialized using 'CodeIgniter\Session\Handlers\FileHandler' driver.
INFO - 2023-09-26 22:58:38 --> Session: Class initialized using 'CodeIgniter\Session\Handlers\FileHandler' driver.
INFO - 2023-09-26 22:58:43 --> Session: Class initialized using 'CodeIgniter\Session\Handlers\FileHandler' driver.
INFO - 2023-09-26 23:00:56 --> Session: Class initialized using 'CodeIgniter\Session\Handlers\FileHandler' driver.
