INFO - 2023-09-28 11:13:44 --> Session: Class initialized using 'CodeIgniter\Session\Handlers\FileHandler' driver.
CRITICAL - 2023-09-28 11:13:53 --> Call to a member function getselecpoint() on null
in APPPATH\Controllers\Ajout.php on line 118.
 1 SYSTEMPATH\CodeIgniter.php(934): App\Controllers\Ajout->show_modification()
 2 SYSTEMPATH\CodeIgniter.php(499): CodeIgniter\CodeIgniter->runController(Object(App\Controllers\Ajout))
 3 SYSTEMPATH\CodeIgniter.php(368): CodeIgniter\CodeIgniter->handleRequest(null, Object(Config\Cache), false)
 4 FCPATH\index.php(67): CodeIgniter\CodeIgniter->run()
 5 SYSTEMPATH\Commands\Server\rewrite.php(47): require_once('FCPATH\\index.php')
INFO - 2023-09-28 11:15:21 --> Session: Class initialized using 'CodeIgniter\Session\Handlers\FileHandler' driver.
INFO - 2023-09-28 11:15:23 --> Session: Class initialized using 'CodeIgniter\Session\Handlers\FileHandler' driver.
CRITICAL - 2023-09-28 11:15:41 --> Call to a member function getselecpoint() on null
in APPPATH\Controllers\Ajout.php on line 118.
 1 SYSTEMPATH\CodeIgniter.php(934): App\Controllers\Ajout->show_modification()
 2 SYSTEMPATH\CodeIgniter.php(499): CodeIgniter\CodeIgniter->runController(Object(App\Controllers\Ajout))
 3 SYSTEMPATH\CodeIgniter.php(368): CodeIgniter\CodeIgniter->handleRequest(null, Object(Config\Cache), false)
 4 FCPATH\index.php(67): CodeIgniter\CodeIgniter->run()
 5 SYSTEMPATH\Commands\Server\rewrite.php(47): require_once('FCPATH\\index.php')
INFO - 2023-09-28 11:15:48 --> Session: Class initialized using 'CodeIgniter\Session\Handlers\FileHandler' driver.
INFO - 2023-09-28 11:17:03 --> Session: Class initialized using 'CodeIgniter\Session\Handlers\FileHandler' driver.
INFO - 2023-09-28 11:17:10 --> Session: Class initialized using 'CodeIgniter\Session\Handlers\FileHandler' driver.
INFO - 2023-09-28 11:17:52 --> Session: Class initialized using 'CodeIgniter\Session\Handlers\FileHandler' driver.
INFO - 2023-09-28 11:17:58 --> Session: Class initialized using 'CodeIgniter\Session\Handlers\FileHandler' driver.
INFO - 2023-09-28 11:18:38 --> Session: Class initialized using 'CodeIgniter\Session\Handlers\FileHandler' driver.
INFO - 2023-09-28 11:18:43 --> Session: Class initialized using 'CodeIgniter\Session\Handlers\FileHandler' driver.
INFO - 2023-09-28 11:20:26 --> Session: Class initialized using 'CodeIgniter\Session\Handlers\FileHandler' driver.
CRITICAL - 2023-09-28 11:20:32 --> Call to a member function getselecpoint() on null
in APPPATH\Controllers\Ajout.php on line 121.
 1 SYSTEMPATH\CodeIgniter.php(934): App\Controllers\Ajout->show_modification()
 2 SYSTEMPATH\CodeIgniter.php(499): CodeIgniter\CodeIgniter->runController(Object(App\Controllers\Ajout))
 3 SYSTEMPATH\CodeIgniter.php(368): CodeIgniter\CodeIgniter->handleRequest(null, Object(Config\Cache), false)
 4 FCPATH\index.php(67): CodeIgniter\CodeIgniter->run()
 5 SYSTEMPATH\Commands\Server\rewrite.php(47): require_once('FCPATH\\index.php')
INFO - 2023-09-28 11:21:28 --> Session: Class initialized using 'CodeIgniter\Session\Handlers\FileHandler' driver.
INFO - 2023-09-28 11:21:30 --> Session: Class initialized using 'CodeIgniter\Session\Handlers\FileHandler' driver.
CRITICAL - 2023-09-28 11:21:37 --> Call to a member function getselecpoint() on null
in APPPATH\Controllers\Ajout.php on line 121.
 1 SYSTEMPATH\CodeIgniter.php(934): App\Controllers\Ajout->show_modification()
 2 SYSTEMPATH\CodeIgniter.php(499): CodeIgniter\CodeIgniter->runController(Object(App\Controllers\Ajout))
 3 SYSTEMPATH\CodeIgniter.php(368): CodeIgniter\CodeIgniter->handleRequest(null, Object(Config\Cache), false)
 4 FCPATH\index.php(67): CodeIgniter\CodeIgniter->run()
 5 SYSTEMPATH\Commands\Server\rewrite.php(47): require_once('FCPATH\\index.php')
INFO - 2023-09-28 11:22:24 --> Session: Class initialized using 'CodeIgniter\Session\Handlers\FileHandler' driver.
CRITICAL - 2023-09-28 11:22:28 --> Call to a member function getselecpoint() on null
in APPPATH\Controllers\Ajout.php on line 121.
 1 SYSTEMPATH\CodeIgniter.php(934): App\Controllers\Ajout->show_modification()
 2 SYSTEMPATH\CodeIgniter.php(499): CodeIgniter\CodeIgniter->runController(Object(App\Controllers\Ajout))
 3 SYSTEMPATH\CodeIgniter.php(368): CodeIgniter\CodeIgniter->handleRequest(null, Object(Config\Cache), false)
 4 FCPATH\index.php(67): CodeIgniter\CodeIgniter->run()
 5 SYSTEMPATH\Commands\Server\rewrite.php(47): require_once('FCPATH\\index.php')
INFO - 2023-09-28 11:22:32 --> Session: Class initialized using 'CodeIgniter\Session\Handlers\FileHandler' driver.
INFO - 2023-09-28 11:22:36 --> Session: Class initialized using 'CodeIgniter\Session\Handlers\FileHandler' driver.
CRITICAL - 2023-09-28 11:22:42 --> Call to a member function getselecpoint() on null
in APPPATH\Controllers\Ajout.php on line 121.
 1 SYSTEMPATH\CodeIgniter.php(934): App\Controllers\Ajout->show_modification()
 2 SYSTEMPATH\CodeIgniter.php(499): CodeIgniter\CodeIgniter->runController(Object(App\Controllers\Ajout))
 3 SYSTEMPATH\CodeIgniter.php(368): CodeIgniter\CodeIgniter->handleRequest(null, Object(Config\Cache), false)
 4 FCPATH\index.php(67): CodeIgniter\CodeIgniter->run()
 5 SYSTEMPATH\Commands\Server\rewrite.php(47): require_once('FCPATH\\index.php')
INFO - 2023-09-28 11:23:22 --> Session: Class initialized using 'CodeIgniter\Session\Handlers\FileHandler' driver.
INFO - 2023-09-28 11:23:24 --> Session: Class initialized using 'CodeIgniter\Session\Handlers\FileHandler' driver.
CRITICAL - 2023-09-28 11:23:30 --> Call to a member function getselecpoint() on null
in APPPATH\Controllers\Ajout.php on line 121.
 1 SYSTEMPATH\CodeIgniter.php(934): App\Controllers\Ajout->show_modification()
 2 SYSTEMPATH\CodeIgniter.php(499): CodeIgniter\CodeIgniter->runController(Object(App\Controllers\Ajout))
 3 SYSTEMPATH\CodeIgniter.php(368): CodeIgniter\CodeIgniter->handleRequest(null, Object(Config\Cache), false)
 4 FCPATH\index.php(67): CodeIgniter\CodeIgniter->run()
 5 SYSTEMPATH\Commands\Server\rewrite.php(47): require_once('FCPATH\\index.php')
INFO - 2023-09-28 11:24:38 --> Session: Class initialized using 'CodeIgniter\Session\Handlers\FileHandler' driver.
INFO - 2023-09-28 11:24:39 --> Session: Class initialized using 'CodeIgniter\Session\Handlers\FileHandler' driver.
CRITICAL - 2023-09-28 11:24:42 --> Call to a member function getselecpoint() on null
in APPPATH\Controllers\Ajout.php on line 121.
 1 SYSTEMPATH\CodeIgniter.php(934): App\Controllers\Ajout->show_modification()
 2 SYSTEMPATH\CodeIgniter.php(499): CodeIgniter\CodeIgniter->runController(Object(App\Controllers\Ajout))
 3 SYSTEMPATH\CodeIgniter.php(368): CodeIgniter\CodeIgniter->handleRequest(null, Object(Config\Cache), false)
 4 FCPATH\index.php(67): CodeIgniter\CodeIgniter->run()
 5 SYSTEMPATH\Commands\Server\rewrite.php(47): require_once('FCPATH\\index.php')
INFO - 2023-09-28 11:26:27 --> Session: Class initialized using 'CodeIgniter\Session\Handlers\FileHandler' driver.
CRITICAL - 2023-09-28 11:26:27 --> Undefined variable $id_point
in APPPATH\Views\resclaves\accueil.php on line 130.
 1 APPPATH\Views\resclaves\accueil.php(130): CodeIgniter\Debug\Exceptions->errorHandler(2, 'Undefined variable $id_point', 'APPPATH\\Views\\resclaves\\accueil.php', 130)
 2 SYSTEMPATH\View\View.php(213): include('APPPATH\\Views\\resclaves\\accueil.php')
 3 SYSTEMPATH\View\View.php(216): CodeIgniter\View\View->CodeIgniter\View\{closure}()
 4 SYSTEMPATH\Common.php(1177): CodeIgniter\View\View->render('resclaves/accueil', [], true)
 5 APPPATH\Controllers\Map.php(86): view('resclaves/accueil', [...])
 6 SYSTEMPATH\CodeIgniter.php(934): App\Controllers\Map->index()
 7 SYSTEMPATH\CodeIgniter.php(499): CodeIgniter\CodeIgniter->runController(Object(App\Controllers\Map))
 8 SYSTEMPATH\CodeIgniter.php(368): CodeIgniter\CodeIgniter->handleRequest(null, Object(Config\Cache), false)
 9 FCPATH\index.php(67): CodeIgniter\CodeIgniter->run()
10 SYSTEMPATH\Commands\Server\rewrite.php(47): require_once('FCPATH\\index.php')
INFO - 2023-09-28 11:29:19 --> Session: Class initialized using 'CodeIgniter\Session\Handlers\FileHandler' driver.
CRITICAL - 2023-09-28 11:29:28 --> Call to a member function getselecpoint() on null
in APPPATH\Controllers\Ajout.php on line 121.
 1 SYSTEMPATH\CodeIgniter.php(934): App\Controllers\Ajout->show_modification()
 2 SYSTEMPATH\CodeIgniter.php(499): CodeIgniter\CodeIgniter->runController(Object(App\Controllers\Ajout))
 3 SYSTEMPATH\CodeIgniter.php(368): CodeIgniter\CodeIgniter->handleRequest(null, Object(Config\Cache), false)
 4 FCPATH\index.php(67): CodeIgniter\CodeIgniter->run()
 5 SYSTEMPATH\Commands\Server\rewrite.php(47): require_once('FCPATH\\index.php')
INFO - 2023-09-28 11:29:41 --> Session: Class initialized using 'CodeIgniter\Session\Handlers\FileHandler' driver.
INFO - 2023-09-28 11:30:21 --> Session: Class initialized using 'CodeIgniter\Session\Handlers\FileHandler' driver.
CRITICAL - 2023-09-28 11:30:27 --> Call to a member function getselecpoint() on null
in APPPATH\Controllers\Ajout.php on line 121.
 1 SYSTEMPATH\CodeIgniter.php(934): App\Controllers\Ajout->show_modification()
 2 SYSTEMPATH\CodeIgniter.php(499): CodeIgniter\CodeIgniter->runController(Object(App\Controllers\Ajout))
 3 SYSTEMPATH\CodeIgniter.php(368): CodeIgniter\CodeIgniter->handleRequest(null, Object(Config\Cache), false)
 4 FCPATH\index.php(67): CodeIgniter\CodeIgniter->run()
 5 SYSTEMPATH\Commands\Server\rewrite.php(47): require_once('FCPATH\\index.php')
INFO - 2023-09-28 11:30:29 --> Session: Class initialized using 'CodeIgniter\Session\Handlers\FileHandler' driver.
INFO - 2023-09-28 11:30:51 --> Session: Class initialized using 'CodeIgniter\Session\Handlers\FileHandler' driver.
INFO - 2023-09-28 11:35:43 --> Session: Class initialized using 'CodeIgniter\Session\Handlers\FileHandler' driver.
CRITICAL - 2023-09-28 11:35:48 --> Call to a member function getselecpoint() on null
in APPPATH\Controllers\Ajout.php on line 121.
 1 SYSTEMPATH\CodeIgniter.php(934): App\Controllers\Ajout->show_modification()
 2 SYSTEMPATH\CodeIgniter.php(499): CodeIgniter\CodeIgniter->runController(Object(App\Controllers\Ajout))
 3 SYSTEMPATH\CodeIgniter.php(368): CodeIgniter\CodeIgniter->handleRequest(null, Object(Config\Cache), false)
 4 FCPATH\index.php(67): CodeIgniter\CodeIgniter->run()
 5 SYSTEMPATH\Commands\Server\rewrite.php(47): require_once('FCPATH\\index.php')
INFO - 2023-09-28 11:36:24 --> Session: Class initialized using 'CodeIgniter\Session\Handlers\FileHandler' driver.
INFO - 2023-09-28 11:36:26 --> Session: Class initialized using 'CodeIgniter\Session\Handlers\FileHandler' driver.
CRITICAL - 2023-09-28 11:36:29 --> Call to a member function getselecpoint() on null
in APPPATH\Controllers\Ajout.php on line 121.
 1 SYSTEMPATH\CodeIgniter.php(934): App\Controllers\Ajout->show_modification()
 2 SYSTEMPATH\CodeIgniter.php(499): CodeIgniter\CodeIgniter->runController(Object(App\Controllers\Ajout))
 3 SYSTEMPATH\CodeIgniter.php(368): CodeIgniter\CodeIgniter->handleRequest(null, Object(Config\Cache), false)
 4 FCPATH\index.php(67): CodeIgniter\CodeIgniter->run()
 5 SYSTEMPATH\Commands\Server\rewrite.php(47): require_once('FCPATH\\index.php')
INFO - 2023-09-28 11:38:34 --> Session: Class initialized using 'CodeIgniter\Session\Handlers\FileHandler' driver.
INFO - 2023-09-28 11:38:37 --> Session: Class initialized using 'CodeIgniter\Session\Handlers\FileHandler' driver.
CRITICAL - 2023-09-28 11:38:42 --> Call to a member function getselecpoint() on null
in APPPATH\Controllers\Ajout.php on line 121.
 1 SYSTEMPATH\CodeIgniter.php(934): App\Controllers\Ajout->show_modification()
 2 SYSTEMPATH\CodeIgniter.php(499): CodeIgniter\CodeIgniter->runController(Object(App\Controllers\Ajout))
 3 SYSTEMPATH\CodeIgniter.php(368): CodeIgniter\CodeIgniter->handleRequest(null, Object(Config\Cache), false)
 4 FCPATH\index.php(67): CodeIgniter\CodeIgniter->run()
 5 SYSTEMPATH\Commands\Server\rewrite.php(47): require_once('FCPATH\\index.php')
INFO - 2023-09-28 11:42:02 --> Session: Class initialized using 'CodeIgniter\Session\Handlers\FileHandler' driver.
INFO - 2023-09-28 11:42:04 --> Session: Class initialized using 'CodeIgniter\Session\Handlers\FileHandler' driver.
CRITICAL - 2023-09-28 11:42:09 --> Call to a member function getselecpoint() on null
in APPPATH\Controllers\Ajout.php on line 121.
 1 SYSTEMPATH\CodeIgniter.php(934): App\Controllers\Ajout->show_modification()
 2 SYSTEMPATH\CodeIgniter.php(499): CodeIgniter\CodeIgniter->runController(Object(App\Controllers\Ajout))
 3 SYSTEMPATH\CodeIgniter.php(368): CodeIgniter\CodeIgniter->handleRequest(null, Object(Config\Cache), false)
 4 FCPATH\index.php(67): CodeIgniter\CodeIgniter->run()
 5 SYSTEMPATH\Commands\Server\rewrite.php(47): require_once('FCPATH\\index.php')
INFO - 2023-09-28 11:44:45 --> Session: Class initialized using 'CodeIgniter\Session\Handlers\FileHandler' driver.
INFO - 2023-09-28 11:44:47 --> Session: Class initialized using 'CodeIgniter\Session\Handlers\FileHandler' driver.
INFO - 2023-09-28 11:44:54 --> Session: Class initialized using 'CodeIgniter\Session\Handlers\FileHandler' driver.
INFO - 2023-09-28 11:48:10 --> Session: Class initialized using 'CodeIgniter\Session\Handlers\FileHandler' driver.
CRITICAL - 2023-09-28 11:48:15 --> Call to undefined method App\Models\ModelFormulaire::getselecpoint
in SYSTEMPATH\Model.php on line 841.
 1 APPPATH\Controllers\Ajout.php(124): CodeIgniter\Model->__call('getselecpoint', [...])
 2 SYSTEMPATH\CodeIgniter.php(934): App\Controllers\Ajout->show_modification()
 3 SYSTEMPATH\CodeIgniter.php(499): CodeIgniter\CodeIgniter->runController(Object(App\Controllers\Ajout))
 4 SYSTEMPATH\CodeIgniter.php(368): CodeIgniter\CodeIgniter->handleRequest(null, Object(Config\Cache), false)
 5 FCPATH\index.php(67): CodeIgniter\CodeIgniter->run()
 6 SYSTEMPATH\Commands\Server\rewrite.php(47): require_once('FCPATH\\index.php')
INFO - 2023-09-28 11:48:45 --> Session: Class initialized using 'CodeIgniter\Session\Handlers\FileHandler' driver.
INFO - 2023-09-28 11:48:48 --> Session: Class initialized using 'CodeIgniter\Session\Handlers\FileHandler' driver.
INFO - 2023-09-28 11:48:53 --> Session: Class initialized using 'CodeIgniter\Session\Handlers\FileHandler' driver.
INFO - 2023-09-28 11:51:02 --> Session: Class initialized using 'CodeIgniter\Session\Handlers\FileHandler' driver.
INFO - 2023-09-28 11:51:05 --> Session: Class initialized using 'CodeIgniter\Session\Handlers\FileHandler' driver.
INFO - 2023-09-28 11:52:30 --> Session: Class initialized using 'CodeIgniter\Session\Handlers\FileHandler' driver.
INFO - 2023-09-28 11:52:35 --> Session: Class initialized using 'CodeIgniter\Session\Handlers\FileHandler' driver.
INFO - 2023-09-28 11:53:06 --> Session: Class initialized using 'CodeIgniter\Session\Handlers\FileHandler' driver.
INFO - 2023-09-28 11:53:11 --> Session: Class initialized using 'CodeIgniter\Session\Handlers\FileHandler' driver.
INFO - 2023-09-28 11:53:34 --> Session: Class initialized using 'CodeIgniter\Session\Handlers\FileHandler' driver.
CRITICAL - 2023-09-28 11:53:40 --> Call to a member function getselecpoint() on null
in APPPATH\Controllers\Ajout.php on line 121.
 1 SYSTEMPATH\CodeIgniter.php(934): App\Controllers\Ajout->show_modification()
 2 SYSTEMPATH\CodeIgniter.php(499): CodeIgniter\CodeIgniter->runController(Object(App\Controllers\Ajout))
 3 SYSTEMPATH\CodeIgniter.php(368): CodeIgniter\CodeIgniter->handleRequest(null, Object(Config\Cache), false)
 4 FCPATH\index.php(67): CodeIgniter\CodeIgniter->run()
 5 SYSTEMPATH\Commands\Server\rewrite.php(47): require_once('FCPATH\\index.php')
INFO - 2023-09-28 11:56:09 --> Session: Class initialized using 'CodeIgniter\Session\Handlers\FileHandler' driver.
INFO - 2023-09-28 11:56:14 --> Session: Class initialized using 'CodeIgniter\Session\Handlers\FileHandler' driver.
INFO - 2023-09-28 12:01:03 --> Session: Class initialized using 'CodeIgniter\Session\Handlers\FileHandler' driver.
INFO - 2023-09-28 12:01:12 --> Session: Class initialized using 'CodeIgniter\Session\Handlers\FileHandler' driver.
INFO - 2023-09-28 12:02:32 --> Session: Class initialized using 'CodeIgniter\Session\Handlers\FileHandler' driver.
CRITICAL - 2023-09-28 12:02:37 --> Cannot use object of type stdClass as array
in APPPATH\Controllers\Ajout.php on line 128.
 1 SYSTEMPATH\CodeIgniter.php(934): App\Controllers\Ajout->show_modification()
 2 SYSTEMPATH\CodeIgniter.php(499): CodeIgniter\CodeIgniter->runController(Object(App\Controllers\Ajout))
 3 SYSTEMPATH\CodeIgniter.php(368): CodeIgniter\CodeIgniter->handleRequest(null, Object(Config\Cache), false)
 4 FCPATH\index.php(67): CodeIgniter\CodeIgniter->run()
 5 SYSTEMPATH\Commands\Server\rewrite.php(47): require_once('FCPATH\\index.php')
CRITICAL - 2023-09-28 12:04:47 --> Cannot use object of type stdClass as array
in APPPATH\Controllers\Ajout.php on line 125.
 1 SYSTEMPATH\CodeIgniter.php(934): App\Controllers\Ajout->show_modification()
 2 SYSTEMPATH\CodeIgniter.php(499): CodeIgniter\CodeIgniter->runController(Object(App\Controllers\Ajout))
 3 SYSTEMPATH\CodeIgniter.php(368): CodeIgniter\CodeIgniter->handleRequest(null, Object(Config\Cache), false)
 4 FCPATH\index.php(67): CodeIgniter\CodeIgniter->run()
 5 SYSTEMPATH\Commands\Server\rewrite.php(47): require_once('FCPATH\\index.php')
INFO - 2023-09-28 12:06:33 --> Session: Class initialized using 'CodeIgniter\Session\Handlers\FileHandler' driver.
CRITICAL - 2023-09-28 12:09:27 --> Undefined variable $coord
in APPPATH\Views\resclaves\modifier_point.php on line 21.
 1 APPPATH\Views\resclaves\modifier_point.php(21): CodeIgniter\Debug\Exceptions->errorHandler(2, 'Undefined variable $coord', 'APPPATH\\Views\\resclaves\\modifier_point.php', 21)
 2 SYSTEMPATH\View\View.php(213): include('APPPATH\\Views\\resclaves\\modifier_point.php')
 3 SYSTEMPATH\View\View.php(216): CodeIgniter\View\View->CodeIgniter\View\{closure}()
 4 SYSTEMPATH\Common.php(1177): CodeIgniter\View\View->render('resclaves/modifier_point', [], true)
 5 APPPATH\Controllers\Ajout.php(138): view('resclaves/modifier_point', [...])
 6 SYSTEMPATH\CodeIgniter.php(934): App\Controllers\Ajout->show_modification()
 7 SYSTEMPATH\CodeIgniter.php(499): CodeIgniter\CodeIgniter->runController(Object(App\Controllers\Ajout))
 8 SYSTEMPATH\CodeIgniter.php(368): CodeIgniter\CodeIgniter->handleRequest(null, Object(Config\Cache), false)
 9 FCPATH\index.php(67): CodeIgniter\CodeIgniter->run()
10 SYSTEMPATH\Commands\Server\rewrite.php(47): require_once('FCPATH\\index.php')
INFO - 2023-09-28 12:09:31 --> Session: Class initialized using 'CodeIgniter\Session\Handlers\FileHandler' driver.
INFO - 2023-09-28 12:09:32 --> Session: Class initialized using 'CodeIgniter\Session\Handlers\FileHandler' driver.
CRITICAL - 2023-09-28 12:09:36 --> Undefined variable $coord
in APPPATH\Views\resclaves\modifier_point.php on line 21.
 1 APPPATH\Views\resclaves\modifier_point.php(21): CodeIgniter\Debug\Exceptions->errorHandler(2, 'Undefined variable $coord', 'APPPATH\\Views\\resclaves\\modifier_point.php', 21)
 2 SYSTEMPATH\View\View.php(213): include('APPPATH\\Views\\resclaves\\modifier_point.php')
 3 SYSTEMPATH\View\View.php(216): CodeIgniter\View\View->CodeIgniter\View\{closure}()
 4 SYSTEMPATH\Common.php(1177): CodeIgniter\View\View->render('resclaves/modifier_point', [], true)
 5 APPPATH\Controllers\Ajout.php(138): view('resclaves/modifier_point', [...])
 6 SYSTEMPATH\CodeIgniter.php(934): App\Controllers\Ajout->show_modification()
 7 SYSTEMPATH\CodeIgniter.php(499): CodeIgniter\CodeIgniter->runController(Object(App\Controllers\Ajout))
 8 SYSTEMPATH\CodeIgniter.php(368): CodeIgniter\CodeIgniter->handleRequest(null, Object(Config\Cache), false)
 9 FCPATH\index.php(67): CodeIgniter\CodeIgniter->run()
10 SYSTEMPATH\Commands\Server\rewrite.php(47): require_once('FCPATH\\index.php')
CRITICAL - 2023-09-28 12:10:35 --> Undefined variable $lastPoint
in APPPATH\Views\resclaves\modifier_point.php on line 51.
 1 APPPATH\Views\resclaves\modifier_point.php(51): CodeIgniter\Debug\Exceptions->errorHandler(2, 'Undefined variable $lastPoint', 'APPPATH\\Views\\resclaves\\modifier_point.php', 51)
 2 SYSTEMPATH\View\View.php(213): include('APPPATH\\Views\\resclaves\\modifier_point.php')
 3 SYSTEMPATH\View\View.php(216): CodeIgniter\View\View->CodeIgniter\View\{closure}()
 4 SYSTEMPATH\Common.php(1177): CodeIgniter\View\View->render('resclaves/modifier_point', [], true)
 5 APPPATH\Controllers\Ajout.php(138): view('resclaves/modifier_point', [...])
 6 SYSTEMPATH\CodeIgniter.php(934): App\Controllers\Ajout->show_modification()
 7 SYSTEMPATH\CodeIgniter.php(499): CodeIgniter\CodeIgniter->runController(Object(App\Controllers\Ajout))
 8 SYSTEMPATH\CodeIgniter.php(368): CodeIgniter\CodeIgniter->handleRequest(null, Object(Config\Cache), false)
 9 FCPATH\index.php(67): CodeIgniter\CodeIgniter->run()
10 SYSTEMPATH\Commands\Server\rewrite.php(47): require_once('FCPATH\\index.php')
CRITICAL - 2023-09-28 12:12:10 --> Undefined variable $data
in APPPATH\Views\resclaves\modifier_point.php on line 17.
 1 APPPATH\Views\resclaves\modifier_point.php(17): CodeIgniter\Debug\Exceptions->errorHandler(2, 'Undefined variable $data', 'APPPATH\\Views\\resclaves\\modifier_point.php', 17)
 2 SYSTEMPATH\View\View.php(213): include('APPPATH\\Views\\resclaves\\modifier_point.php')
 3 SYSTEMPATH\View\View.php(216): CodeIgniter\View\View->CodeIgniter\View\{closure}()
 4 SYSTEMPATH\Common.php(1177): CodeIgniter\View\View->render('resclaves/modifier_point', [], true)
 5 APPPATH\Controllers\Ajout.php(138): view('resclaves/modifier_point', [...])
 6 SYSTEMPATH\CodeIgniter.php(934): App\Controllers\Ajout->show_modification()
 7 SYSTEMPATH\CodeIgniter.php(499): CodeIgniter\CodeIgniter->runController(Object(App\Controllers\Ajout))
 8 SYSTEMPATH\CodeIgniter.php(368): CodeIgniter\CodeIgniter->handleRequest(null, Object(Config\Cache), false)
 9 FCPATH\index.php(67): CodeIgniter\CodeIgniter->run()
10 SYSTEMPATH\Commands\Server\rewrite.php(47): require_once('FCPATH\\index.php')
INFO - 2023-09-28 12:15:12 --> Session: Class initialized using 'CodeIgniter\Session\Handlers\FileHandler' driver.
CRITICAL - 2023-09-28 12:17:53 --> Array to string conversion
in APPPATH\Views\resclaves\modifier_point.php on line 17.
 1 APPPATH\Views\resclaves\modifier_point.php(17): CodeIgniter\Debug\Exceptions->errorHandler(2, 'Array to string conversion', 'APPPATH\\Views\\resclaves\\modifier_point.php', 17)
 2 SYSTEMPATH\View\View.php(213): include('APPPATH\\Views\\resclaves\\modifier_point.php')
 3 SYSTEMPATH\View\View.php(216): CodeIgniter\View\View->CodeIgniter\View\{closure}()
 4 SYSTEMPATH\Common.php(1177): CodeIgniter\View\View->render('resclaves/modifier_point', [], true)
 5 APPPATH\Controllers\Ajout.php(139): view('resclaves/modifier_point', [...])
 6 SYSTEMPATH\CodeIgniter.php(934): App\Controllers\Ajout->show_modification()
 7 SYSTEMPATH\CodeIgniter.php(499): CodeIgniter\CodeIgniter->runController(Object(App\Controllers\Ajout))
 8 SYSTEMPATH\CodeIgniter.php(368): CodeIgniter\CodeIgniter->handleRequest(null, Object(Config\Cache), false)
 9 FCPATH\index.php(67): CodeIgniter\CodeIgniter->run()
10 SYSTEMPATH\Commands\Server\rewrite.php(47): require_once('FCPATH\\index.php')
INFO - 2023-09-28 17:51:51 --> Session: Class initialized using 'CodeIgniter\Session\Handlers\FileHandler' driver.
INFO - 2023-09-28 17:52:30 --> Session: Class initialized using 'CodeIgniter\Session\Handlers\FileHandler' driver.
INFO - 2023-09-28 17:52:30 --> Session: Class initialized using 'CodeIgniter\Session\Handlers\FileHandler' driver.
INFO - 2023-09-28 17:56:15 --> Session: Class initialized using 'CodeIgniter\Session\Handlers\FileHandler' driver.
INFO - 2023-09-28 17:57:04 --> Session: Class initialized using 'CodeIgniter\Session\Handlers\FileHandler' driver.
INFO - 2023-09-28 17:58:16 --> Session: Class initialized using 'CodeIgniter\Session\Handlers\FileHandler' driver.
ERROR - 2023-09-28 17:58:34 --> mysqli_sql_exception: Duplicate entry '0-01-deces' for key 'PRIMARY' in C:\Users\romai\Desktop\racine\system\Database\MySQLi\Connection.php:295
Stack trace:
#0 C:\Users\romai\Desktop\racine\system\Database\MySQLi\Connection.php(295): mysqli->query('INSERT INTO `po...', 0)
#1 C:\Users\romai\Desktop\racine\system\Database\BaseConnection.php(691): CodeIgniter\Database\MySQLi\Connection->execute('INSERT INTO `po...')
#2 C:\Users\romai\Desktop\racine\system\Database\BaseConnection.php(605): CodeIgniter\Database\BaseConnection->simpleQuery('INSERT INTO `po...')
#3 C:\Users\romai\Desktop\racine\app\Controllers\Ajout.php(44): CodeIgniter\Database\BaseConnection->query('INSERT INTO `po...')
#4 C:\Users\romai\Desktop\racine\system\CodeIgniter.php(934): App\Controllers\Ajout->InsertPoint()
#5 C:\Users\romai\Desktop\racine\system\CodeIgniter.php(499): CodeIgniter\CodeIgniter->runController(Object(App\Controllers\Ajout))
#6 C:\Users\romai\Desktop\racine\system\CodeIgniter.php(368): CodeIgniter\CodeIgniter->handleRequest(NULL, Object(Config\Cache), false)
#7 C:\Users\romai\Desktop\racine\public\index.php(67): CodeIgniter\CodeIgniter->run()
#8 C:\Users\romai\Desktop\racine\system\Commands\Server\rewrite.php(47): require_once('C:\\Users\\romai\\...')
#9 {main}
CRITICAL - 2023-09-28 17:58:34 --> Duplicate entry '0-01-deces' for key 'PRIMARY'
in SYSTEMPATH\Database\BaseConnection.php on line 645.
 1 APPPATH\Controllers\Ajout.php(44): CodeIgniter\Database\BaseConnection->query('INSERT INTO `points` (`WKT`, `ville`, `layer`,`id`, `id_recit`, `type`, `geoj`) VALUES (\'POINT (64.13900852930092 )\',\'test\',\'points_R01_pt_deces\',\'\',\'01\',\'deces\',\'{\\"type\\": \\"Point\\", \\"coordinates\\": [, 64.13900852930092]}\')')
 2 SYSTEMPATH\CodeIgniter.php(934): App\Controllers\Ajout->InsertPoint()
 3 SYSTEMPATH\CodeIgniter.php(499): CodeIgniter\CodeIgniter->runController(Object(App\Controllers\Ajout))
 4 SYSTEMPATH\CodeIgniter.php(368): CodeIgniter\CodeIgniter->handleRequest(null, Object(Config\Cache), false)
 5 FCPATH\index.php(67): CodeIgniter\CodeIgniter->run()
 6 SYSTEMPATH\Commands\Server\rewrite.php(47): require_once('FCPATH\\index.php')
INFO - 2023-09-28 17:59:58 --> Session: Class initialized using 'CodeIgniter\Session\Handlers\FileHandler' driver.
INFO - 2023-09-28 18:00:17 --> Session: Class initialized using 'CodeIgniter\Session\Handlers\FileHandler' driver.
INFO - 2023-09-28 18:00:24 --> Session: Class initialized using 'CodeIgniter\Session\Handlers\FileHandler' driver.
INFO - 2023-09-28 18:00:52 --> Session: Class initialized using 'CodeIgniter\Session\Handlers\FileHandler' driver.
INFO - 2023-09-28 18:03:56 --> Session: Class initialized using 'CodeIgniter\Session\Handlers\FileHandler' driver.
INFO - 2023-09-28 18:04:01 --> Session: Class initialized using 'CodeIgniter\Session\Handlers\FileHandler' driver.
INFO - 2023-09-28 18:04:11 --> Session: Class initialized using 'CodeIgniter\Session\Handlers\FileHandler' driver.
INFO - 2023-09-28 18:04:57 --> Session: Class initialized using 'CodeIgniter\Session\Handlers\FileHandler' driver.
INFO - 2023-09-28 18:05:36 --> Session: Class initialized using 'CodeIgniter\Session\Handlers\FileHandler' driver.
INFO - 2023-09-28 18:06:05 --> Session: Class initialized using 'CodeIgniter\Session\Handlers\FileHandler' driver.
INFO - 2023-09-28 18:06:06 --> Session: Class initialized using 'CodeIgniter\Session\Handlers\FileHandler' driver.
INFO - 2023-09-28 18:08:00 --> Session: Class initialized using 'CodeIgniter\Session\Handlers\FileHandler' driver.
INFO - 2023-09-28 18:08:39 --> Session: Class initialized using 'CodeIgniter\Session\Handlers\FileHandler' driver.
INFO - 2023-09-28 18:15:35 --> Session: Class initialized using 'CodeIgniter\Session\Handlers\FileHandler' driver.
INFO - 2023-09-28 18:16:02 --> Session: Class initialized using 'CodeIgniter\Session\Handlers\FileHandler' driver.
INFO - 2023-09-28 18:16:27 --> Session: Class initialized using 'CodeIgniter\Session\Handlers\FileHandler' driver.
INFO - 2023-09-28 18:16:35 --> Session: Class initialized using 'CodeIgniter\Session\Handlers\FileHandler' driver.
INFO - 2023-09-28 18:16:40 --> Session: Class initialized using 'CodeIgniter\Session\Handlers\FileHandler' driver.
INFO - 2023-09-28 18:17:10 --> Session: Class initialized using 'CodeIgniter\Session\Handlers\FileHandler' driver.
INFO - 2023-09-28 18:20:58 --> Session: Class initialized using 'CodeIgniter\Session\Handlers\FileHandler' driver.
INFO - 2023-09-28 18:20:58 --> Session: Class initialized using 'CodeIgniter\Session\Handlers\FileHandler' driver.
INFO - 2023-09-28 18:21:34 --> Session: Class initialized using 'CodeIgniter\Session\Handlers\FileHandler' driver.
INFO - 2023-09-28 18:22:08 --> Session: Class initialized using 'CodeIgniter\Session\Handlers\FileHandler' driver.
INFO - 2023-09-28 18:25:37 --> Session: Class initialized using 'CodeIgniter\Session\Handlers\FileHandler' driver.
INFO - 2023-09-28 18:26:07 --> Session: Class initialized using 'CodeIgniter\Session\Handlers\FileHandler' driver.
INFO - 2023-09-28 18:35:10 --> Session: Class initialized using 'CodeIgniter\Session\Handlers\FileHandler' driver.
INFO - 2023-09-28 18:44:13 --> Session: Class initialized using 'CodeIgniter\Session\Handlers\FileHandler' driver.
INFO - 2023-09-28 18:52:01 --> Session: Class initialized using 'CodeIgniter\Session\Handlers\FileHandler' driver.
INFO - 2023-09-28 18:56:42 --> Session: Class initialized using 'CodeIgniter\Session\Handlers\FileHandler' driver.
INFO - 2023-09-28 18:57:02 --> Session: Class initialized using 'CodeIgniter\Session\Handlers\FileHandler' driver.
INFO - 2023-09-28 18:57:37 --> Session: Class initialized using 'CodeIgniter\Session\Handlers\FileHandler' driver.
INFO - 2023-09-28 18:58:51 --> Session: Class initialized using 'CodeIgniter\Session\Handlers\FileHandler' driver.
INFO - 2023-09-28 18:59:17 --> Session: Class initialized using 'CodeIgniter\Session\Handlers\FileHandler' driver.
INFO - 2023-09-28 18:59:23 --> Session: Class initialized using 'CodeIgniter\Session\Handlers\FileHandler' driver.
INFO - 2023-09-28 19:03:54 --> Session: Class initialized using 'CodeIgniter\Session\Handlers\FileHandler' driver.
INFO - 2023-09-28 19:04:16 --> Session: Class initialized using 'CodeIgniter\Session\Handlers\FileHandler' driver.
INFO - 2023-09-28 19:05:21 --> Session: Class initialized using 'CodeIgniter\Session\Handlers\FileHandler' driver.
INFO - 2023-09-28 19:08:45 --> Session: Class initialized using 'CodeIgniter\Session\Handlers\FileHandler' driver.
ERROR - 2023-09-28 19:08:50 --> mysqli_sql_exception: You have an error in your SQL syntax; check the manual that corresponds to your MariaDB server version for the right syntax to use near '' at line 1 in C:\Users\romai\Desktop\racine\system\Database\MySQLi\Connection.php:295
Stack trace:
#0 C:\Users\romai\Desktop\racine\system\Database\MySQLi\Connection.php(295): mysqli->query('DELETE FROM poi...', 0)
#1 C:\Users\romai\Desktop\racine\system\Database\BaseConnection.php(691): CodeIgniter\Database\MySQLi\Connection->execute('DELETE FROM poi...')
#2 C:\Users\romai\Desktop\racine\system\Database\BaseConnection.php(605): CodeIgniter\Database\BaseConnection->simpleQuery('DELETE FROM poi...')
#3 C:\Users\romai\Desktop\racine\app\Controllers\Ajout.php(187): CodeIgniter\Database\BaseConnection->query('DELETE FROM poi...')
#4 C:\Users\romai\Desktop\racine\system\CodeIgniter.php(934): App\Controllers\Ajout->suppressionPoint()
#5 C:\Users\romai\Desktop\racine\system\CodeIgniter.php(499): CodeIgniter\CodeIgniter->runController(Object(App\Controllers\Ajout))
#6 C:\Users\romai\Desktop\racine\system\CodeIgniter.php(368): CodeIgniter\CodeIgniter->handleRequest(NULL, Object(Config\Cache), false)
#7 C:\Users\romai\Desktop\racine\public\index.php(67): CodeIgniter\CodeIgniter->run()
#8 C:\Users\romai\Desktop\racine\system\Commands\Server\rewrite.php(47): require_once('C:\\Users\\romai\\...')
#9 {main}
CRITICAL - 2023-09-28 19:08:50 --> You have an error in your SQL syntax; check the manual that corresponds to your MariaDB server version for the right syntax to use near '' at line 1
in SYSTEMPATH\Database\BaseConnection.php on line 645.
 1 APPPATH\Controllers\Ajout.php(187): CodeIgniter\Database\BaseConnection->query('DELETE FROM points WHERE `points`.`id` =')
 2 SYSTEMPATH\CodeIgniter.php(934): App\Controllers\Ajout->suppressionPoint()
 3 SYSTEMPATH\CodeIgniter.php(499): CodeIgniter\CodeIgniter->runController(Object(App\Controllers\Ajout))
 4 SYSTEMPATH\CodeIgniter.php(368): CodeIgniter\CodeIgniter->handleRequest(null, Object(Config\Cache), false)
 5 FCPATH\index.php(67): CodeIgniter\CodeIgniter->run()
 6 SYSTEMPATH\Commands\Server\rewrite.php(47): require_once('FCPATH\\index.php')
INFO - 2023-09-28 19:10:52 --> Session: Class initialized using 'CodeIgniter\Session\Handlers\FileHandler' driver.
ERROR - 2023-09-28 19:10:55 --> mysqli_sql_exception: You have an error in your SQL syntax; check the manual that corresponds to your MariaDB server version for the right syntax to use near '' at line 1 in C:\Users\romai\Desktop\racine\system\Database\MySQLi\Connection.php:295
Stack trace:
#0 C:\Users\romai\Desktop\racine\system\Database\MySQLi\Connection.php(295): mysqli->query('DELETE FROM poi...', 0)
#1 C:\Users\romai\Desktop\racine\system\Database\BaseConnection.php(691): CodeIgniter\Database\MySQLi\Connection->execute('DELETE FROM poi...')
#2 C:\Users\romai\Desktop\racine\system\Database\BaseConnection.php(605): CodeIgniter\Database\BaseConnection->simpleQuery('DELETE FROM poi...')
#3 C:\Users\romai\Desktop\racine\app\Controllers\Ajout.php(187): CodeIgniter\Database\BaseConnection->query('DELETE FROM poi...')
#4 C:\Users\romai\Desktop\racine\system\CodeIgniter.php(934): App\Controllers\Ajout->suppressionPoint()
#5 C:\Users\romai\Desktop\racine\system\CodeIgniter.php(499): CodeIgniter\CodeIgniter->runController(Object(App\Controllers\Ajout))
#6 C:\Users\romai\Desktop\racine\system\CodeIgniter.php(368): CodeIgniter\CodeIgniter->handleRequest(NULL, Object(Config\Cache), false)
#7 C:\Users\romai\Desktop\racine\public\index.php(67): CodeIgniter\CodeIgniter->run()
#8 C:\Users\romai\Desktop\racine\system\Commands\Server\rewrite.php(47): require_once('C:\\Users\\romai\\...')
#9 {main}
CRITICAL - 2023-09-28 19:10:55 --> You have an error in your SQL syntax; check the manual that corresponds to your MariaDB server version for the right syntax to use near '' at line 1
in SYSTEMPATH\Database\BaseConnection.php on line 645.
 1 APPPATH\Controllers\Ajout.php(187): CodeIgniter\Database\BaseConnection->query('DELETE FROM points WHERE `points`.`id` =')
 2 SYSTEMPATH\CodeIgniter.php(934): App\Controllers\Ajout->suppressionPoint()
 3 SYSTEMPATH\CodeIgniter.php(499): CodeIgniter\CodeIgniter->runController(Object(App\Controllers\Ajout))
 4 SYSTEMPATH\CodeIgniter.php(368): CodeIgniter\CodeIgniter->handleRequest(null, Object(Config\Cache), false)
 5 FCPATH\index.php(67): CodeIgniter\CodeIgniter->run()
 6 SYSTEMPATH\Commands\Server\rewrite.php(47): require_once('FCPATH\\index.php')
INFO - 2023-09-28 19:14:06 --> Session: Class initialized using 'CodeIgniter\Session\Handlers\FileHandler' driver.
INFO - 2023-09-28 19:14:22 --> Session: Class initialized using 'CodeIgniter\Session\Handlers\FileHandler' driver.
INFO - 2023-09-28 19:14:35 --> Session: Class initialized using 'CodeIgniter\Session\Handlers\FileHandler' driver.
INFO - 2023-09-28 19:18:45 --> Session: Class initialized using 'CodeIgniter\Session\Handlers\FileHandler' driver.
INFO - 2023-09-28 19:19:06 --> Session: Class initialized using 'CodeIgniter\Session\Handlers\FileHandler' driver.
INFO - 2023-09-28 19:19:12 --> Session: Class initialized using 'CodeIgniter\Session\Handlers\FileHandler' driver.
CRITICAL - 2023-09-28 19:19:26 --> Attempt to read property "geoj" on null
in APPPATH\Controllers\Ajout.php on line 120.
 1 APPPATH\Controllers\Ajout.php(120): CodeIgniter\Debug\Exceptions->errorHandler(2, 'Attempt to read property "geoj" on null', 'APPPATH\\Controllers\\Ajout.php', 120)
 2 SYSTEMPATH\CodeIgniter.php(934): App\Controllers\Ajout->show_modification()
 3 SYSTEMPATH\CodeIgniter.php(499): CodeIgniter\CodeIgniter->runController(Object(App\Controllers\Ajout))
 4 SYSTEMPATH\CodeIgniter.php(368): CodeIgniter\CodeIgniter->handleRequest(null, Object(Config\Cache), false)
 5 FCPATH\index.php(67): CodeIgniter\CodeIgniter->run()
 6 SYSTEMPATH\Commands\Server\rewrite.php(47): require_once('FCPATH\\index.php')
INFO - 2023-09-28 19:19:30 --> Session: Class initialized using 'CodeIgniter\Session\Handlers\FileHandler' driver.
INFO - 2023-09-28 19:19:46 --> Session: Class initialized using 'CodeIgniter\Session\Handlers\FileHandler' driver.
INFO - 2023-09-28 19:19:58 --> Session: Class initialized using 'CodeIgniter\Session\Handlers\FileHandler' driver.
INFO - 2023-09-28 19:22:13 --> Session: Class initialized using 'CodeIgniter\Session\Handlers\FileHandler' driver.
INFO - 2023-09-28 19:22:15 --> Session: Class initialized using 'CodeIgniter\Session\Handlers\FileHandler' driver.
INFO - 2023-09-28 19:22:35 --> Session: Class initialized using 'CodeIgniter\Session\Handlers\FileHandler' driver.
ERROR - 2023-09-28 19:22:47 --> mysqli_sql_exception: You have an error in your SQL syntax; check the manual that corresponds to your MariaDB server version for the right syntax to use near '' at line 1 in C:\Users\romai\Desktop\racine\system\Database\MySQLi\Connection.php:295
Stack trace:
#0 C:\Users\romai\Desktop\racine\system\Database\MySQLi\Connection.php(295): mysqli->query('DELETE FROM poi...', 0)
#1 C:\Users\romai\Desktop\racine\system\Database\BaseConnection.php(691): CodeIgniter\Database\MySQLi\Connection->execute('DELETE FROM poi...')
#2 C:\Users\romai\Desktop\racine\system\Database\BaseConnection.php(605): CodeIgniter\Database\BaseConnection->simpleQuery('DELETE FROM poi...')
#3 C:\Users\romai\Desktop\racine\app\Controllers\Ajout.php(187): CodeIgniter\Database\BaseConnection->query('DELETE FROM poi...')
#4 C:\Users\romai\Desktop\racine\system\CodeIgniter.php(934): App\Controllers\Ajout->suppressionPoint()
#5 C:\Users\romai\Desktop\racine\system\CodeIgniter.php(499): CodeIgniter\CodeIgniter->runController(Object(App\Controllers\Ajout))
#6 C:\Users\romai\Desktop\racine\system\CodeIgniter.php(368): CodeIgniter\CodeIgniter->handleRequest(NULL, Object(Config\Cache), false)
#7 C:\Users\romai\Desktop\racine\public\index.php(67): CodeIgniter\CodeIgniter->run()
#8 C:\Users\romai\Desktop\racine\system\Commands\Server\rewrite.php(47): require_once('C:\\Users\\romai\\...')
#9 {main}
CRITICAL - 2023-09-28 19:22:47 --> You have an error in your SQL syntax; check the manual that corresponds to your MariaDB server version for the right syntax to use near '' at line 1
in SYSTEMPATH\Database\BaseConnection.php on line 645.
 1 APPPATH\Controllers\Ajout.php(187): CodeIgniter\Database\BaseConnection->query('DELETE FROM points WHERE id =')
 2 SYSTEMPATH\CodeIgniter.php(934): App\Controllers\Ajout->suppressionPoint()
 3 SYSTEMPATH\CodeIgniter.php(499): CodeIgniter\CodeIgniter->runController(Object(App\Controllers\Ajout))
 4 SYSTEMPATH\CodeIgniter.php(368): CodeIgniter\CodeIgniter->handleRequest(null, Object(Config\Cache), false)
 5 FCPATH\index.php(67): CodeIgniter\CodeIgniter->run()
 6 SYSTEMPATH\Commands\Server\rewrite.php(47): require_once('FCPATH\\index.php')
INFO - 2023-09-28 19:23:27 --> Session: Class initialized using 'CodeIgniter\Session\Handlers\FileHandler' driver.
INFO - 2023-09-28 19:23:29 --> Session: Class initialized using 'CodeIgniter\Session\Handlers\FileHandler' driver.
ERROR - 2023-09-28 19:23:34 --> mysqli_sql_exception: You have an error in your SQL syntax; check the manual that corresponds to your MariaDB server version for the right syntax to use near '' at line 1 in C:\Users\romai\Desktop\racine\system\Database\MySQLi\Connection.php:295
Stack trace:
#0 C:\Users\romai\Desktop\racine\system\Database\MySQLi\Connection.php(295): mysqli->query('DELETE FROM poi...', 0)
#1 C:\Users\romai\Desktop\racine\system\Database\BaseConnection.php(691): CodeIgniter\Database\MySQLi\Connection->execute('DELETE FROM poi...')
#2 C:\Users\romai\Desktop\racine\system\Database\BaseConnection.php(605): CodeIgniter\Database\BaseConnection->simpleQuery('DELETE FROM poi...')
#3 C:\Users\romai\Desktop\racine\app\Controllers\Ajout.php(187): CodeIgniter\Database\BaseConnection->query('DELETE FROM poi...')
#4 C:\Users\romai\Desktop\racine\system\CodeIgniter.php(934): App\Controllers\Ajout->suppressionPoint()
#5 C:\Users\romai\Desktop\racine\system\CodeIgniter.php(499): CodeIgniter\CodeIgniter->runController(Object(App\Controllers\Ajout))
#6 C:\Users\romai\Desktop\racine\system\CodeIgniter.php(368): CodeIgniter\CodeIgniter->handleRequest(NULL, Object(Config\Cache), false)
#7 C:\Users\romai\Desktop\racine\public\index.php(67): CodeIgniter\CodeIgniter->run()
#8 C:\Users\romai\Desktop\racine\system\Commands\Server\rewrite.php(47): require_once('C:\\Users\\romai\\...')
#9 {main}
CRITICAL - 2023-09-28 19:23:34 --> You have an error in your SQL syntax; check the manual that corresponds to your MariaDB server version for the right syntax to use near '' at line 1
in SYSTEMPATH\Database\BaseConnection.php on line 645.
 1 APPPATH\Controllers\Ajout.php(187): CodeIgniter\Database\BaseConnection->query('DELETE FROM points WHERE id =')
 2 SYSTEMPATH\CodeIgniter.php(934): App\Controllers\Ajout->suppressionPoint()
 3 SYSTEMPATH\CodeIgniter.php(499): CodeIgniter\CodeIgniter->runController(Object(App\Controllers\Ajout))
 4 SYSTEMPATH\CodeIgniter.php(368): CodeIgniter\CodeIgniter->handleRequest(null, Object(Config\Cache), false)
 5 FCPATH\index.php(67): CodeIgniter\CodeIgniter->run()
 6 SYSTEMPATH\Commands\Server\rewrite.php(47): require_once('FCPATH\\index.php')
INFO - 2023-09-28 19:27:04 --> Session: Class initialized using 'CodeIgniter\Session\Handlers\FileHandler' driver.
INFO - 2023-09-28 19:27:06 --> Session: Class initialized using 'CodeIgniter\Session\Handlers\FileHandler' driver.
ERROR - 2023-09-28 19:27:13 --> mysqli_sql_exception: You have an error in your SQL syntax; check the manual that corresponds to your MariaDB server version for the right syntax to use near '' at line 1 in C:\Users\romai\Desktop\racine\system\Database\MySQLi\Connection.php:295
Stack trace:
#0 C:\Users\romai\Desktop\racine\system\Database\MySQLi\Connection.php(295): mysqli->query('DELETE FROM poi...', 0)
#1 C:\Users\romai\Desktop\racine\system\Database\BaseConnection.php(691): CodeIgniter\Database\MySQLi\Connection->execute('DELETE FROM poi...')
#2 C:\Users\romai\Desktop\racine\system\Database\BaseConnection.php(605): CodeIgniter\Database\BaseConnection->simpleQuery('DELETE FROM poi...')
#3 C:\Users\romai\Desktop\racine\app\Controllers\Ajout.php(187): CodeIgniter\Database\BaseConnection->query('DELETE FROM poi...')
#4 C:\Users\romai\Desktop\racine\system\CodeIgniter.php(934): App\Controllers\Ajout->suppressionPoint()
#5 C:\Users\romai\Desktop\racine\system\CodeIgniter.php(499): CodeIgniter\CodeIgniter->runController(Object(App\Controllers\Ajout))
#6 C:\Users\romai\Desktop\racine\system\CodeIgniter.php(368): CodeIgniter\CodeIgniter->handleRequest(NULL, Object(Config\Cache), false)
#7 C:\Users\romai\Desktop\racine\public\index.php(67): CodeIgniter\CodeIgniter->run()
#8 C:\Users\romai\Desktop\racine\system\Commands\Server\rewrite.php(47): require_once('C:\\Users\\romai\\...')
#9 {main}
CRITICAL - 2023-09-28 19:27:13 --> You have an error in your SQL syntax; check the manual that corresponds to your MariaDB server version for the right syntax to use near '' at line 1
in SYSTEMPATH\Database\BaseConnection.php on line 645.
 1 APPPATH\Controllers\Ajout.php(187): CodeIgniter\Database\BaseConnection->query('DELETE FROM points WHERE `id` =')
 2 SYSTEMPATH\CodeIgniter.php(934): App\Controllers\Ajout->suppressionPoint()
 3 SYSTEMPATH\CodeIgniter.php(499): CodeIgniter\CodeIgniter->runController(Object(App\Controllers\Ajout))
 4 SYSTEMPATH\CodeIgniter.php(368): CodeIgniter\CodeIgniter->handleRequest(null, Object(Config\Cache), false)
 5 FCPATH\index.php(67): CodeIgniter\CodeIgniter->run()
 6 SYSTEMPATH\Commands\Server\rewrite.php(47): require_once('FCPATH\\index.php')
INFO - 2023-09-28 19:28:14 --> Session: Class initialized using 'CodeIgniter\Session\Handlers\FileHandler' driver.
INFO - 2023-09-28 19:28:16 --> Session: Class initialized using 'CodeIgniter\Session\Handlers\FileHandler' driver.
INFO - 2023-09-28 19:28:23 --> Session: Class initialized using 'CodeIgniter\Session\Handlers\FileHandler' driver.
INFO - 2023-09-28 19:30:30 --> Session: Class initialized using 'CodeIgniter\Session\Handlers\FileHandler' driver.
INFO - 2023-09-28 19:30:36 --> Session: Class initialized using 'CodeIgniter\Session\Handlers\FileHandler' driver.
INFO - 2023-09-28 19:31:08 --> Session: Class initialized using 'CodeIgniter\Session\Handlers\FileHandler' driver.
ERROR - 2023-09-28 19:31:13 --> mysqli_sql_exception: You have an error in your SQL syntax; check the manual that corresponds to your MariaDB server version for the right syntax to use near '' at line 1 in C:\Users\romai\Desktop\racine\system\Database\MySQLi\Connection.php:295
Stack trace:
#0 C:\Users\romai\Desktop\racine\system\Database\MySQLi\Connection.php(295): mysqli->query('DELETE FROM poi...', 0)
#1 C:\Users\romai\Desktop\racine\system\Database\BaseConnection.php(691): CodeIgniter\Database\MySQLi\Connection->execute('DELETE FROM poi...')
#2 C:\Users\romai\Desktop\racine\system\Database\BaseConnection.php(605): CodeIgniter\Database\BaseConnection->simpleQuery('DELETE FROM poi...')
#3 C:\Users\romai\Desktop\racine\app\Controllers\Ajout.php(187): CodeIgniter\Database\BaseConnection->query('DELETE FROM poi...', Array)
#4 C:\Users\romai\Desktop\racine\system\CodeIgniter.php(934): App\Controllers\Ajout->suppressionPoint()
#5 C:\Users\romai\Desktop\racine\system\CodeIgniter.php(499): CodeIgniter\CodeIgniter->runController(Object(App\Controllers\Ajout))
#6 C:\Users\romai\Desktop\racine\system\CodeIgniter.php(368): CodeIgniter\CodeIgniter->handleRequest(NULL, Object(Config\Cache), false)
#7 C:\Users\romai\Desktop\racine\public\index.php(67): CodeIgniter\CodeIgniter->run()
#8 C:\Users\romai\Desktop\racine\system\Commands\Server\rewrite.php(47): require_once('C:\\Users\\romai\\...')
#9 {main}
CRITICAL - 2023-09-28 19:31:13 --> You have an error in your SQL syntax; check the manual that corresponds to your MariaDB server version for the right syntax to use near '' at line 1
in SYSTEMPATH\Database\BaseConnection.php on line 645.
 1 APPPATH\Controllers\Ajout.php(187): CodeIgniter\Database\BaseConnection->query('DELETE FROM points WHERE `points`.`id` =', [...])
 2 SYSTEMPATH\CodeIgniter.php(934): App\Controllers\Ajout->suppressionPoint()
 3 SYSTEMPATH\CodeIgniter.php(499): CodeIgniter\CodeIgniter->runController(Object(App\Controllers\Ajout))
 4 SYSTEMPATH\CodeIgniter.php(368): CodeIgniter\CodeIgniter->handleRequest(null, Object(Config\Cache), false)
 5 FCPATH\index.php(67): CodeIgniter\CodeIgniter->run()
 6 SYSTEMPATH\Commands\Server\rewrite.php(47): require_once('FCPATH\\index.php')
INFO - 2023-09-28 19:31:17 --> Session: Class initialized using 'CodeIgniter\Session\Handlers\FileHandler' driver.
INFO - 2023-09-28 21:50:16 --> Session: Class initialized using 'CodeIgniter\Session\Handlers\FileHandler' driver.
INFO - 2023-09-28 21:50:25 --> Session: Class initialized using 'CodeIgniter\Session\Handlers\FileHandler' driver.
INFO - 2023-09-28 22:01:02 --> Session: Class initialized using 'CodeIgniter\Session\Handlers\FileHandler' driver.
INFO - 2023-09-28 22:01:09 --> Session: Class initialized using 'CodeIgniter\Session\Handlers\FileHandler' driver.
INFO - 2023-09-28 22:02:07 --> Session: Class initialized using 'CodeIgniter\Session\Handlers\FileHandler' driver.
INFO - 2023-09-28 22:02:20 --> Session: Class initialized using 'CodeIgniter\Session\Handlers\FileHandler' driver.
INFO - 2023-09-28 22:03:13 --> Session: Class initialized using 'CodeIgniter\Session\Handlers\FileHandler' driver.
INFO - 2023-09-28 22:03:44 --> Session: Class initialized using 'CodeIgniter\Session\Handlers\FileHandler' driver.
INFO - 2023-09-28 22:07:52 --> Session: Class initialized using 'CodeIgniter\Session\Handlers\FileHandler' driver.
INFO - 2023-09-28 22:13:42 --> Session: Class initialized using 'CodeIgniter\Session\Handlers\FileHandler' driver.
INFO - 2023-09-28 22:13:49 --> Session: Class initialized using 'CodeIgniter\Session\Handlers\FileHandler' driver.
INFO - 2023-09-28 22:13:58 --> Session: Class initialized using 'CodeIgniter\Session\Handlers\FileHandler' driver.
